
Gurobi 12.0.1 (win64) logging started Thu Nov 20 17:39:41 2025

Set parameter LogFile to value "data\dblrp\grb_log_ef_s30_ts0_f5_c10_r2.0_iss1_bt1_nsp1000_nse50_sd7.log"
Set parameter NodefileStart to value 0.5
Set parameter NodefileDir to value "node_files\s30_ts0"
Set parameter MIPGap to value 0.0001
Set parameter TimeLimit to value 3600
Set parameter Threads to value 1
Gurobi Optimizer version 12.0.1 build v12.0.1rc0 (win64 - Windows 11.0 (26100.2))

CPU model: Intel(R) Core(TM) i9-14900K, instruction set [SSE2|AVX|AVX2]
Thread count: 24 physical cores, 32 logical processors, using up to 1 threads

Non-default parameters:
TimeLimit  3600
NodefileStart  0.5
Threads  1

Optimize a model with 51792150 rows, 17296205 columns and 143157750 nonzeros
Model fingerprint: 0x57f866c8
Variable types: 0 continuous, 17296205 integer (17253005 binary)
Coefficient statistics:
  Matrix range     [1e+00, 1e+02]
  Objective range  [3e-01, 1e+01]
  Bounds range     [1e+00, 4e+01]
  RHS range        [1e+00, 7e+01]
Presolve removed 0 rows and 0 columns (presolve time = 6s)...
Presolve removed 19152816 rows and 11550 columns (presolve time = 11s)...
Presolve removed 51483981 rows and 11700 columns (presolve time = 16s)...
Presolve removed 51578695 rows and 17052081 columns (presolve time = 20s)...
Presolve removed 51609271 rows and 17072851 columns
Presolve time: 22.30s
Presolved: 182879 rows, 223354 columns, 1180763 nonzeros
Variable types: 0 continuous, 223354 integer (200439 binary)
Found heuristic solution: objective -50.0000000
Performing another presolve...
Presolve removed 54599 rows and 22866 columns
Presolve time: 4.61s

Root simplex log...

Iteration    Objective       Primal Inf.    Dual Inf.      Time
       0    6.6741462e+04   4.783235e+05   0.000000e+00     43s
   52521    1.6819443e+03   1.245312e+05   0.000000e+00     45s
  135933    1.9361341e+02   5.321433e+03   0.000000e+00     50s
  165209    1.8579404e+02   2.049485e+03   0.000000e+00     55s
  184297    1.8565897e+02   1.497931e+03   0.000000e+00     60s
  201230    1.8521557e+02   3.445845e+02   0.000000e+00     65s
  203865    1.8563348e+02   0.000000e+00   0.000000e+00     66s
  203865    1.8563348e+02   0.000000e+00   0.000000e+00     66s

Root relaxation: objective 1.856335e+02, 203865 iterations, 23.37 seconds (46.19 work units)
Total elapsed time = 66.34s (DegenMoves)
Total elapsed time = 70.49s (DegenMoves)

    Nodes    |    Current Node    |     Objective Bounds      |     Work
 Expl Unexpl |  Obj  Depth IntInf | Incumbent    BestBd   Gap | It/Node Time

     0     0  185.63348    0 5785  -50.00000  185.63348   471%     -   71s
     0     0  184.99758    0 6473  -50.00000  184.99758   470%     -   75s
     0     0  184.76568    0 6194  -50.00000  184.76568   470%     -   77s
     0     0  184.76226    0 6237  -50.00000  184.76226   470%     -   77s
     0     0  184.76226    0 6149  -50.00000  184.76226   470%     -   77s
H    0     0                      -0.0000000  184.76226      -     -   78s
H    0     0                      49.8797007  184.76226   270%     -   80s
H    0     0                      50.2569916  184.76226   268%     -   80s
H    0     0                      50.2939993  184.76226   267%     -   81s
H    0     0                      52.3439507  184.76226   253%     -   82s
     0     0  184.46016    0 7781   52.34395  184.46016   252%     -   89s
     0     0  184.45023    0 7833   52.34395  184.45023   252%     -   89s
     0     0  184.44823    0 7711   52.34395  184.44823   252%     -   89s
     0     0  184.44794    0 7713   52.34395  184.44794   252%     -   90s
     0     0  184.44794    0 7712   52.34395  184.44794   252%     -   90s
H    0     0                      53.2836798  184.36973   246%     -   91s
H    0     0                      56.7300628  184.36973   225%     -   92s
H    0     0                      62.9713089  184.36973   193%     -   92s
H    0     0                      63.5337470  184.36973   190%     -   93s
     0     0  184.36973    0 7835   63.53375  184.36973   190%     -   94s
     0     0  184.36973    0 7812   63.53375  184.36973   190%     -   94s
     0     0  184.20298    0 8358   63.53375  184.20298   190%     -   99s
     0     0  184.19750    0 8303   63.53375  184.19750   190%     -   99s
     0     0  184.19325    0 8458   63.53375  184.19325   190%     -  100s
     0     0  184.19325    0 8449   63.53375  184.19325   190%     -  100s
H    0     0                      70.3856939  184.19325   162%     -  101s
H    0     0                      71.1772834  184.19325   159%     -  102s
H    0     0                      71.6528737  184.19325   157%     -  103s
H    0     0                      72.0197169  184.19325   156%     -  103s
     0     0  184.19264    0 8420   72.01972  184.19264   156%     -  104s
     0     0  184.19264    0 8277   72.01972  184.19264   156%     -  104s
     0     0  183.97672    0 8238   72.01972  183.97672   155%     -  110s
     0     0  183.97634    0 8340   72.01972  183.97634   155%     -  111s
     0     0  183.96588    0 8173   72.01972  183.96588   155%     -  111s
     0     0  183.96588    0 8157   72.01972  183.96588   155%     -  111s
H    0     0                      73.1770949  183.96581   151%     -  112s
H    0     0                      76.6359686  183.96581   140%     -  113s
H    0     0                      77.2852435  183.96581   138%     -  114s
H    0     0                      77.7158204  183.96581   137%     -  114s
H    0     0                      77.7431785  183.96581   137%     -  115s
H    0     0                      77.8913180  183.96581   136%     -  116s
     0     0  183.91718    0 8199   77.89132  183.91718   136%     -  117s
     0     0  183.91718    0 8123   77.89132  183.91718   136%     -  117s
     0     0  183.91718    0 8117   77.89132  183.91718   136%     -  117s
     0     0  183.91064    0 8276   77.89132  183.91064   136%     -  118s
     0     0  183.91064    0 8268   77.89132  183.91064   136%     -  118s
     0     0  183.91064    0 8267   77.89132  183.91064   136%     -  118s
     0     0  183.91064    0 8254   77.89132  183.91064   136%     -  118s
     0     0  183.91064    0 8292   77.89132  183.91064   136%     -  118s
     0     0  183.91064    0 8292   77.89132  183.91064   136%     -  118s
     0     0  183.70051    0 8711   77.89132  183.70051   136%     -  123s
     0     0  183.69646    0 8453   77.89132  183.69646   136%     -  123s
     0     0  183.69640    0 8443   77.89132  183.69640   136%     -  123s
     0     0  183.69637    0 8437   77.89132  183.69637   136%     -  124s
H    0     0                      79.0697007  183.69614   132%     -  125s
H    0     0                      79.1527067  183.69614   132%     -  126s
H    0     0                      79.7044500  183.69614   130%     -  127s
     0     0  183.68603    0 8530   79.70445  183.68603   130%     -  128s
     0     0  183.68603    0 8511   79.70445  183.68603   130%     -  128s
     0     0  183.68603    0 8548   79.70445  183.68603   130%     -  128s
     0     0  183.68603    0 8549   79.70445  183.68603   130%     -  128s
     0     0  183.68603    0 8552   79.70445  183.68603   130%     -  128s
     0     0  183.68522    0 8555   79.70445  183.68522   130%     -  129s
     0     0  183.68522    0 8541   79.70445  183.68522   130%     -  129s
     0     0  183.68522    0 8529   79.70445  183.68522   130%     -  129s
     0     0  183.68522    0 8554   79.70445  183.68522   130%     -  129s
     0     0  183.68522    0 8561   79.70445  183.68522   130%     -  129s
     0     0  183.68522    0 8548   79.70445  183.68522   130%     -  129s
     0     0  183.62844    0 9199   79.70445  183.62844   130%     -  133s
     0     0  183.62844    0 9182   79.70445  183.62844   130%     -  133s
     0     0  183.62844    0 9129   79.70445  183.62844   130%     -  133s
H    0     0                      81.3774366  183.62799   126%     -  134s
H    0     0                      81.8559837  183.62799   124%     -  135s
H    0     0                      82.0123276  183.62799   124%     -  136s
H    0     0                      82.1398549  183.62799   124%     -  137s
H    0     0                      82.2248329  183.62799   123%     -  137s
     0     0  183.61671    0 8987   82.22483  183.61671   123%     -  138s
     0     0  183.61671    0 8922   82.22483  183.61671   123%     -  139s
     0     0  183.61671    0 8923   82.22483  183.61671   123%     -  139s
     0     0  183.61671    0 8922   82.22483  183.61671   123%     -  139s
     0     0  183.61671    0 8922   82.22483  183.61671   123%     -  139s
     0     0  183.61671    0 8922   82.22483  183.61671   123%     -  139s
     0     0  183.61671    0 8926   82.22483  183.61671   123%     -  139s
     0     0  183.61643    0 8954   82.22483  183.61643   123%     -  139s
     0     0  183.61643    0 8948   82.22483  183.61643   123%     -  139s
     0     0  183.61643    0 8936   82.22483  183.61643   123%     -  140s
     0     0  183.61643    0 8929   82.22483  183.61643   123%     -  140s
     0     0  183.61643    0 8929   82.22483  183.61643   123%     -  140s
     0     0  183.61643    0 8927   82.22483  183.61643   123%     -  140s
     0     0  183.61643    0 8927   82.22483  183.61643   123%     -  140s
     0     0  183.61643    0 8929   82.22483  183.61643   123%     -  140s
     0     0  183.61643    0 8929   82.22483  183.61643   123%     -  140s
     0     0  183.60208    0 9124   82.22483  183.60208   123%     -  143s
     0     0  183.60208    0 8911   82.22483  183.60208   123%     -  143s
     0     0  183.60208    0 8906   82.22483  183.60208   123%     -  143s
     0     0  183.60208    0 8905   82.22483  183.60208   123%     -  143s
     0     0  183.60208    0 8924   82.22483  183.60208   123%     -  143s
H    0     0                      83.1475344  183.60201   121%     -  145s
H    0     0                      85.8618123  183.60201   114%     -  145s
H    0     0                      86.7679794  183.60201   112%     -  146s
H    0     0                      86.9434770  183.60201   111%     -  147s
     0     0  183.60069    0 9416   86.94348  183.60069   111%     -  148s
     0     0  183.60069    0 9386   86.94348  183.60069   111%     -  148s
     0     0  183.60047    0 9285   86.94348  183.60047   111%     -  148s
     0     0  183.60047    0 9279   86.94348  183.60047   111%     -  148s
     0     0  183.59140    0 9613   86.94348  183.59140   111%     -  152s
     0     0  183.59140    0 9543   86.94348  183.59140   111%     -  152s
H    0     0                      87.3207679  183.59114   110%     -  153s
H    0     0                      87.6050298  183.59114   110%     -  154s
H    0     0                      87.8438309  183.59114   109%     -  154s
H    0     0                      87.9919704  183.59114   109%     -  155s
H    0     0                      88.6697840  183.59114   107%     -  156s
     0     0  183.59114    0 9449   88.66978  183.59114   107%     -  157s
     0     0  183.59114    0 9333   88.66978  183.59114   107%     -  157s
     0     0  183.58376    0 9381   88.66978  183.58376   107%     -  159s
     0     0  183.58376    0 9233   88.66978  183.58376   107%     -  160s
H    0     0                      89.4636924  183.58348   105%     -  161s
     0     0  183.58348    0 9172   89.46369  183.58348   105%     -  162s
     0     0  183.58348    0 9098   89.46369  183.58348   105%     -  162s
     0     0  183.57209    0 9768   89.46369  183.57209   105%     -  165s
     0     0  183.57209    0 9683   89.46369  183.57209   105%     -  165s
     0     0  183.57209    0 9664   89.46369  183.57209   105%     -  165s
H    0     0                      91.0658663  183.57208   102%     -  166s
     0     0  183.57009    0 9609   91.06587  183.57009   102%     -  167s
     0     0  183.57009    0 9559   91.06587  183.57009   102%     -  167s
     0     0  183.57009    0 9334   91.06587  183.57009   102%     -  168s
     0     0  183.57009    0 9304   91.06587  183.57009   102%     -  168s
     0     0  183.54095    0 9590   91.06587  183.54095   102%     -  171s
     0     0  183.54095    0 9511   91.06587  183.54095   102%     -  171s
H    0     0                      92.1119574  183.54094  99.3%     -  172s
H    0     0                      92.4618902  183.54094  98.5%     -  173s
     0     0  183.53587    0 9594   92.46189  183.53587  98.5%     -  174s
     0     0  183.53587    0 9530   92.46189  183.53587  98.5%     -  174s
     0     0  183.53526    0 9377   92.46189  183.53526  98.5%     -  175s
     0     0  183.53526    0 9363   92.46189  183.53526  98.5%     -  175s
     0     0  183.53526    0 9355   92.46189  183.53526  98.5%     -  175s
     0     0  183.53519    0 9331   92.46189  183.53519  98.5%     -  175s
     0     0  183.52264    0 9673   92.46189  183.52264  98.5%     -  178s
     0     0  183.52264    0 9591   92.46189  183.52264  98.5%     -  178s
H    0     0                      92.6373878  183.52255  98.1%     -  179s
     0     0  183.51936    0 9705   92.63739  183.51936  98.1%     -  180s
     0     0  183.51936    0 9670   92.63739  183.51936  98.1%     -  180s
     0     0  183.51880    0 9533   92.63739  183.51880  98.1%     -  181s
     0     0  183.51880    0 9514   92.63739  183.51880  98.1%     -  181s
     0     0  183.51880    0 9367   92.63739  183.51880  98.1%     -  181s
     0     0  183.51880    0 9356   92.63739  183.51880  98.1%     -  181s
     0     0  183.51880    0 9356   92.63739  183.51880  98.1%     -  182s
     0     0  183.51880    0 9355   92.63739  183.51880  98.1%     -  182s
     0     0  183.51880    0 9318   92.63739  183.51880  98.1%     -  182s
     0     0  183.51155    0 9658   92.63739  183.51155  98.1%     -  184s
     0     0  183.51155    0 9568   92.63739  183.51155  98.1%     -  184s
H    0     0                      93.3217246  183.51123  96.6%     -  186s
H    0     0                      93.6322877  183.51123  96.0%     -  187s
     0     0  183.50923    0 9720   93.63229  183.50923  96.0%     -  189s
     0     0  183.50923    0 9669   93.63229  183.50923  96.0%     -  189s
     0     0  183.50923    0 9667   93.63229  183.50923  96.0%     -  189s
     0     0  183.50923    0 9706   93.63229  183.50923  96.0%     -  189s
     0     0  183.50923    0 9664   93.63229  183.50923  96.0%     -  189s
     0     0  183.50885    0 9905   93.63229  183.50885  96.0%     -  190s
     0     0  183.50885    0 9856   93.63229  183.50885  96.0%     -  190s
     0     0  183.50850    0 9594   93.63229  183.50850  96.0%     -  191s
     0     0  183.50847    0 9595   93.63229  183.50847  96.0%     -  191s
     0     0  183.50847    0 9596   93.63229  183.50847  96.0%     -  191s
     0     0  183.50847    0 9533   93.63229  183.50847  96.0%     -  191s
     0     0  183.50847    0 9544   93.63229  183.50847  96.0%     -  191s
     0     0  183.50847    0 9543   93.63229  183.50847  96.0%     -  191s
     0     0  183.50232    0 9791   93.63229  183.50232  96.0%     -  194s
     0     0  183.50232    0 9762   93.63229  183.50232  96.0%     -  194s
H    0     0                      94.1078780  183.50232  95.0%     -  195s
     0     0  183.50196    0 9965   94.10788  183.50196  95.0%     -  196s
     0     0  183.50196    0 9934   94.10788  183.50196  95.0%     -  196s
     0     0  183.50194    0 9951   94.10788  183.50194  95.0%     -  197s
     0     0  183.50194    0 9916   94.10788  183.50194  95.0%     -  197s
     0     0  183.49658    0 9996   94.10788  183.49658  95.0%     -  199s
     0     0  183.49658    0 9956   94.10788  183.49658  95.0%     -  199s
H    0     0                      94.5834682  183.49658  94.0%     -  201s
     0     0  183.49419    0 10090   94.58347  183.49419  94.0%     -  202s
     0     0  183.49419    0 10070   94.58347  183.49419  94.0%     -  202s
     0     0  183.49406    0 9960   94.58347  183.49406  94.0%     -  203s
     0     0  183.49406    0 9899   94.58347  183.49406  94.0%     -  203s
     0     0  183.46821    0 9643   94.58347  183.46821  94.0%     -  206s
     0     0  183.46821    0 9568   94.58347  183.46821  94.0%     -  206s
H    0     0                      94.7823274  183.46821  93.6%     -  207s
     0     0  183.46037    0 10020   94.78233  183.46037  93.6%     -  208s
     0     0  183.46037    0 9986   94.78233  183.46037  93.6%     -  209s
     0     0  183.46006    0 9993   94.78233  183.46006  93.6%     -  209s
     0     0  183.46006    0 9906   94.78233  183.46006  93.6%     -  209s
     0     0  183.45997    0 9615   94.78233  183.45997  93.6%     -  210s
     0     0  183.45997    0 9604   94.78233  183.45997  93.6%     -  210s
     0     0  183.45728    0 9789   94.78233  183.45728  93.6%     -  213s
     0     0  183.45728    0 9719   94.78233  183.45728  93.6%     -  213s
     0     0  183.45728    0 9717   94.78233  183.45728  93.6%     -  213s
H    0     0                      96.3809654  183.45717  90.3%     -  215s
     0     0  183.45608    0 9994   96.38097  183.45608  90.3%     -  217s
     0     0  183.45608    0 9945   96.38097  183.45608  90.3%     -  217s
     0     0  183.45594    0 9912   96.38097  183.45594  90.3%     -  217s
     0     0  183.45594    0 9855   96.38097  183.45594  90.3%     -  217s
     0     0  183.45594    0 9854   96.38097  183.45594  90.3%     -  218s
     0     0  183.44733    0 10290   96.38097  183.44733  90.3%     -  220s
     0     0  183.44733    0 10229   96.38097  183.44733  90.3%     -  220s
     0     0  183.44322    0 9985   96.38097  183.44322  90.3%     -  222s
     0     0  183.44322    0 9911   96.38097  183.44322  90.3%     -  222s
     0     0  183.44315    0 9867   96.38097  183.44315  90.3%     -  222s
     0     0  183.44315    0 9789   96.38097  183.44315  90.3%     -  222s
     0     0  183.44041    0 9841   96.38097  183.44041  90.3%     -  225s
     0     0  183.44041    0 9812   96.38097  183.44041  90.3%     -  225s
H    0     0                      97.7530731  183.44012  87.7%     -  227s
     0     0  183.44012    0 9889   97.75307  183.44012  87.7%     -  229s
     0     0  183.44012    0 9829   97.75307  183.44012  87.7%     -  229s
     0     0  183.42875    0 9871   97.75307  183.42875  87.6%     -  232s
     0     0  183.42875    0 9826   97.75307  183.42875  87.6%     -  232s
     0     0  183.42856    0 9952   97.75307  183.42856  87.6%     -  234s
     0     0  183.42856    0 9886   97.75307  183.42856  87.6%     -  234s
     0     0  183.41697    0 10106   97.75307  183.41697  87.6%     -  237s
     0     0  183.41697    0 10046   97.75307  183.41697  87.6%     -  237s
     0     0  183.41606    0 10032   97.75307  183.41606  87.6%     -  238s
     0     0  183.41606    0 9898   97.75307  183.41606  87.6%     -  238s
     0     0  183.41606    0 9895   97.75307  183.41606  87.6%     -  238s
     0     0  183.41606    0 9908   97.75307  183.41606  87.6%     -  239s
     0     0  183.41606    0 9892   97.75307  183.41606  87.6%     -  239s
     0     0  183.41606    0 9887   97.75307  183.41606  87.6%     -  239s
     0     0  183.40857    0 9823   97.75307  183.40857  87.6%     -  242s
     0     0  183.40857    0 9785   97.75307  183.40857  87.6%     -  242s
     0     0  183.40697    0 10300   97.75307  183.40697  87.6%     -  243s
     0     0  183.40697    0 10279   97.75307  183.40697  87.6%     -  244s
     0     0  183.40673    0 10128   97.75307  183.40673  87.6%     -  244s
     0     0  183.39711    0 10186   97.75307  183.39711  87.6%     -  247s
     0     0  183.39711    0 10137   97.75307  183.39711  87.6%     -  247s
H    0     0                      98.8553500  183.39705  85.5%     -  249s
     0     0  183.39482    0 10157   98.85535  183.39482  85.5%     -  251s
     0     0  183.39482    0 10080   98.85535  183.39482  85.5%     -  251s
     0     0  183.39475    0 10165   98.85535  183.39475  85.5%     -  252s
     0     0  183.39475    0 10146   98.85535  183.39475  85.5%     -  252s
     0     0  183.37780    0 10099   98.85535  183.37780  85.5%     -  255s
     0     0  183.37780    0 10036   98.85535  183.37780  85.5%     -  255s
     0     0  183.37780    0 10026   98.85535  183.37780  85.5%     -  255s
     0     0  183.37380    0 10384   98.85535  183.37380  85.5%     -  257s
     0     0  183.37380    0 10269   98.85535  183.37380  85.5%     -  257s
     0     0  183.37316    0 10310   98.85535  183.37316  85.5%     -  258s
     0     0  183.37316    0 10323   98.85535  183.37316  85.5%     -  258s
     0     0  183.37305    0 10119   98.85535  183.37305  85.5%     -  258s
     0     0  183.37305    0 10090   98.85535  183.37305  85.5%     -  258s
     0     0  183.37007    0 10150   98.85535  183.37007  85.5%     -  261s
     0     0  183.37007    0 10080   98.85535  183.37007  85.5%     -  261s
     0     0  183.37007    0 10078   98.85535  183.37007  85.5%     -  261s
     0     0  183.36852    0 10487   98.85535  183.36852  85.5%     -  263s
     0     0  183.36852    0 10381   98.85535  183.36852  85.5%     -  263s
     0     0  183.36844    0 10445   98.85535  183.36844  85.5%     -  264s
     0     0  183.36844    0 10394   98.85535  183.36844  85.5%     -  264s
     0     0  183.36475    0 9745   98.85535  183.36475  85.5%     -  267s
     0     0  183.36475    0 9703   98.85535  183.36475  85.5%     -  267s
H    0     0                      99.2953894  183.36475  84.7%     -  268s
H    0     0                      99.6415033  183.36475  84.0%     -  269s
     0     0  183.36471    0 10306   99.64150  183.36471  84.0%     -  270s
     0     0  183.36471    0 10315   99.64150  183.36471  84.0%     -  270s
     0     0  183.35519    0 10278   99.64150  183.35519  84.0%     -  273s
     0     0  183.35519    0 10247   99.64150  183.35519  84.0%     -  273s
     0     0  183.34899    0 10288   99.64150  183.34899  84.0%     -  275s
     0     0  183.34899    0 10244   99.64150  183.34899  84.0%     -  275s
     0     0  183.34888    0 10059   99.64150  183.34888  84.0%     -  276s
     0     0  183.33495    0 10312   99.64150  183.33495  84.0%     -  278s
     0     0  183.33495    0 10271   99.64150  183.33495  84.0%     -  279s
     0     0  183.33495    0 10270   99.64150  183.33495  84.0%     -  279s
H    0     0                     100.2287974  183.33494  82.9%     -  280s
     0     0  183.33398    0 10526  100.22880  183.33398  82.9%     -  281s
     0     0  183.33398    0 10474  100.22880  183.33398  82.9%     -  281s
     0     0  183.33398    0 10275  100.22880  183.33398  82.9%     -  282s
     0     0  183.33398    0 10166  100.22880  183.33398  82.9%     -  282s
     0     0  183.32416    0 10256  100.22880  183.32416  82.9%     -  285s
     0     0  183.32416    0 10233  100.22880  183.32416  82.9%     -  285s
     0     0  183.32257    0 10401  100.22880  183.32257  82.9%     -  290s
     0     0  183.32257    0 10372  100.22880  183.32257  82.9%     -  290s
     0     0  183.32253    0 10413  100.22880  183.32253  82.9%     -  291s
     0     0  183.32253    0 10400  100.22880  183.32253  82.9%     -  291s
     0     0  183.31956    0 10637  100.22880  183.31956  82.9%     -  293s
     0     0  183.31956    0 10561  100.22880  183.31956  82.9%     -  293s
     0     0  183.31929    0 10608  100.22880  183.31929  82.9%     -  295s
     0     0  183.31929    0 10595  100.22880  183.31929  82.9%     -  295s
     0     0  183.31831    0 10762  100.22880  183.31831  82.9%     -  298s
     0     0  183.31831    0 10605  100.22880  183.31831  82.9%     -  298s
     0     0  183.31831    0 10599  100.22880  183.31831  82.9%     -  298s
     0     0  183.31831    0 10594  100.22880  183.31831  82.9%     -  299s
     0     0  183.31831    0 7730  100.22880  183.31831  82.9%     -  307s
H    0     0                     100.8668112  183.31831  81.7%     -  324s
H    0     0                     101.3898567  183.31831  80.8%     -  326s
     0     2  183.31821    0 7516  101.38986  183.31821  80.8%     -  328s
     1     3  183.10410    1 6168  101.38986  183.31821  80.8% 58154  331s
     2     4  183.06314    1 6190  101.38986  183.09958  80.6% 34775  335s
     7     9  174.98400    4 5496  101.38986  183.05917  80.5% 14613  340s
H   26    26                     101.8654469  183.05917  79.7%  4081  345s
    52    54  179.35064   30 4589  101.86545  183.05917  79.7%  2080  350s
    82    84  178.46784   48 4454  101.86545  183.05917  79.7%  1356  355s
   135   137  178.39951   79 4613  101.86545  183.05917  79.7%   866  360s
   191   193  177.78063  112 4527  101.86545  183.05917  79.7%   637  365s
H  243   243                     102.3410371  183.05917  78.9%   514  370s
H  250   250                     103.1360154  183.05917  77.5%   502  373s
   250   252  177.61740  149 4600  103.13602  183.05917  77.5%   502  379s
   254   256  177.55983  152 4555  103.13602  183.05917  77.5%   495  380s
   317   319  177.17073  190 4602  103.13602  183.05917  77.5%   405  385s
   378   376  176.75239  228 4528  103.13602  183.05917  77.5%   345  390s
   434   432  176.21757  264 4535  103.13602  183.05917  77.5%   308  395s
   507   503  174.58443  307 4407  103.13602  183.05917  77.5%   272  400s
   567   562  175.18878  343 4450  103.13602  183.05917  77.5%   246  405s
   641   634  174.51277  392 4461  103.13602  183.05917  77.5%   224  410s
   691   684  173.91300  431 4414  103.13602  183.05917  77.5%   211  415s
   756   747  173.50313  475 4440  103.13602  183.05917  77.5%   198  420s
H  783   772                     103.1360157  183.05917  77.5%   192  422s
   826   815  173.00190  524 4363  103.13602  183.05917  77.5%   185  425s
   908   897  172.16018  588 4143  103.13602  183.05917  77.5%   171  430s
   990   979  171.44471  663 4182  103.13602  183.05917  77.5%   158  435s
  1068  1048  167.47728  720 4176  103.13602  183.05917  77.5%   150  440s
  1136  1116  166.92254  761 4155  103.13602  183.05917  77.5%   143  445s
  1216  1196  166.10429  817 4140  103.13602  183.05917  77.5%   136  450s
  1288  1268  165.78648  878 4054  103.13602  183.05917  77.5%   131  455s
  1351  1331  164.77330  923 4045  103.13602  183.05917  77.5%   127  460s
  1431  1408  163.79302  979 4010  103.13602  183.05917  77.5%   122  465s
  1490  1467  164.50387 1014 4045  103.13602  183.05917  77.5%   120  470s
  1562  1537  163.97673 1060 4070  103.13602  183.05917  77.5%   118  475s
  1630  1605  162.50406 1103 3970  103.13602  183.05917  77.5%   115  480s
  1705  1678  161.65061 1147 3961  103.13602  183.05917  77.5%   111  485s
  1783  1752  161.66650 1191 3992  103.13602  183.05917  77.5%   107  490s
  1844  1813  161.20885 1231 3891  103.13602  183.05917  77.5%   104  495s
  1906  1875  160.63944 1269 3921  103.13602  183.05917  77.5%   106  500s
  1972  1941  160.22437 1312 4071  103.13602  183.05917  77.5%   105  505s
  2024  1993  159.20058 1352 3984  103.13602  183.05917  77.5%   105  510s
  2089  2057  159.30743 1403 3911  103.13602  183.05917  77.5%   104  515s
  2160  2128  158.98813 1454 3886  103.13602  183.05917  77.5%   103  520s
  2231  2197  158.31805 1510 3848  103.13602  183.05917  77.5%   101  525s
  2300  2264  157.63598 1578 3738  103.13602  183.05917  77.5%  98.7  530s
H 2369  2331                     103.6116056  183.05917  76.7%  96.5  537s
H 2369  2331                     103.8264729  183.05917  76.3%  96.5  546s
H 2369  2331                     104.2037638  183.05917  75.7%  96.5  551s
  2384  2348  156.88716 1657 3707  104.20376  183.05917  75.7%  95.9  555s
  2457  2421  156.40741 1726 3700  104.20376  183.05917  75.7%  93.7  560s
  2539  2499  155.51551 1806 3452  104.20376  183.05917  75.7%  91.5  565s
  2551  2510  156.92001 1652 55450  104.20376  183.05917  75.7%  91.1  619s
  2553  2511  165.17405  735 5510  104.20376  183.05917  75.7%  91.1  647s
  2554  2512  159.90300 1348 7853  104.20376  183.05917  75.7%  91.0  653s
  2555  2513  173.68301  400 8496  104.20376  183.05917  75.7%  91.0  662s
  2556  2513  165.65133  900 8806  104.20376  183.05917  75.7%  90.9  667s
  2557  2514  157.10577 1631 9008  104.20376  183.05917  75.7%  90.9  675s
  2559  2515  157.91380 1533 8986  104.20376  183.05917  75.7%  90.8  686s
  2560  2516  166.10588  817 9164  104.20376  183.05917  75.7%  90.8  690s
  2561  2517  156.10882 1763 9208  104.20376  183.05917  75.7%  90.8  698s
  2562  2517  165.66750  794 9676  104.20376  183.05917  75.7%  90.7  701s
  2563  2518  165.99189  762 9449  104.20376  183.05917  75.7%  90.7  707s
H 2563  2391                     104.2512191  183.05917  75.6%  90.7  711s
  2565  2392  156.65278 1669 9379  104.25122  183.05917  75.6%  90.6  718s
  2566  2393  176.57794  236 9428  104.25122  183.05917  75.6%  90.6  721s
  2567  2394  175.44050  176 9602  104.25122  183.05868  75.6%  90.6  727s
  2568  2394  171.32380  501 9601  104.25122  183.04974  75.6%  90.5  732s
  2569  2395  160.13780 1302 9549  104.25122  183.04627  75.6%  90.5  738s
  2570  2396  174.56297  353 9333  104.25122  183.04022  75.6%  90.5  741s
  2571  2396  162.25955 1102 9265  104.25122  183.03721  75.6%  90.4  747s
H 2571  2276                     104.3629229  183.03269  75.4%  90.4  752s
  2573  2278  156.16178 1755 9096  104.36292  183.02321  75.4%  90.3  759s
  2574  2278  159.83679 1288 9346  104.36292  183.00185  75.4%  90.3  762s
  2575  2279  174.05679  421 9711  104.36292  182.99103  75.3%  90.3  769s
H 2575  2165                     104.9502170  182.97826  74.3%  90.3  775s
  2577  2166  164.81294  920 9481  104.95022  182.97675  74.3%  90.2  781s
  2579  2168  174.30688  327 9631  104.95022  182.95952  74.3%  90.1  790s
  2581  2169  161.82332 1138 9305  104.95022  182.94674  74.3%  90.1  799s
  2582  2170  177.62414  138 9613  104.95022  182.93791  74.3%  90.0  802s
  2583  2170  157.00687 1641 9723  104.95022  182.93429  74.3%  90.0  809s
H 2583  2061                     106.0605565  182.89609  72.4%  90.0  815s
  2585  2063  160.02509 1274 9777  106.06056  182.88821  72.4%  89.9  824s
  2586  2063  179.15983   42 9706  106.06056  182.87075  72.4%  89.9  829s
  2587  2064  158.33008 1440 9975  106.06056  182.86890  72.4%  89.9  835s
  2589  2065  162.96889 1036 9897  106.06056  182.84714  72.4%  89.8  845s
  2591  2067  164.46977  990 9799  106.06056  182.83423  72.4%  89.7  855s
  2592  2067  157.91380 1533 9959  106.06056  182.82687  72.4%  89.7  862s
  2593  2068  161.34601 1223 9835  106.06056  182.82547  72.4%  89.7  868s
H 2593  1964                     106.5361468  182.81279  71.6%  89.7  872s
  2595  1965  172.97396  418 9673  106.53615  182.80939  71.6%  89.6  878s
  2596  1966  160.37516 1240 9801  106.53615  182.80273  71.6%  89.5  881s
  2597  1967  176.76806   98 9240  106.53615  182.80115  71.6%  89.5  886s
  2598  1967  160.71097 1194 9564  106.53615  182.79522  71.6%  89.5  891s
  2599  1968  160.49896 1285 9780  106.53615  182.79086  71.6%  89.4  897s
  2600  1969  171.94595  618 9683  106.53615  182.78585  71.6%  89.4  901s
  2601  1969  163.60922 1094 9589  106.53615  182.78343  71.6%  89.4  906s
  2602  1970  176.76439  174 9446  106.53615  182.77682  71.6%  89.3  910s
  2603  1971  166.89187  757 9791  106.53615  182.77525  71.6%  89.3  916s
  2605  1972  157.73969 1555 9438  106.53615  182.76825  71.6%  89.2  925s
  2607  1973  166.27344  759 9456  106.53615  182.75799  71.5%  89.2  935s
  2608  1974  172.84210  543 9896  106.53615  182.75407  71.5%  89.1  945s
  2609  1975  158.78901 1490 9624  106.53615  182.74771  71.5%  89.1  951s
  2610  1975  163.62355 1054 9690  106.53615  182.74116  71.5%  89.1  956s
  2611  1976  177.62414  138 9680  106.53615  182.73933  71.5%  89.0  962s
  2612  1977  157.72244 1562 9889  106.53615  182.73471  71.5%  89.0  965s
  2613  1977  165.57097  855 10082  106.53615  182.73116  71.5%  89.0  971s
  2614  1978  177.77721   55 9962  106.53615  182.72216  71.5%  88.9  975s
  2615  1979  171.99296  615 9868  106.53615  182.72013  71.5%  88.9  981s
  2616  1979  172.70367  553 9856  106.53615  182.71643  71.5%  88.9  985s
  2617  1980  178.29920   93 9838  106.53615  182.71307  71.5%  88.8  991s
  2618  1981  157.73969 1555 10054  106.53615  182.70987  71.5%  88.8  995s
  2619  1981  166.83036  769 10236  106.53615  182.70777  71.5%  88.8 1002s
  2620  1982  163.37980  976 9828  106.53615  182.70540  71.5%  88.7 1006s
  2621  1983  156.25770 1741 10256  106.53615  182.70165  71.5%  88.7 1013s
  2622  1983  156.90183 1637 9567  106.53615  182.69946  71.5%  88.7 1016s
  2623  1984  176.76285  213 9475  106.53615  182.69900  71.5%  88.6 1022s
  2624  1985  162.28752 1084 9764  106.53615  182.69609  71.5%  88.6 1025s
  2625  1985  155.41303 1631 10063  106.53615  182.69436  71.5%  88.6 1032s
  2626  1986  165.85477  868 9984  106.53615  182.69330  71.5%  88.5 1036s
  2627  1987  162.28752 1108 9922  106.53615  182.69300  71.5%  88.5 1043s
H 2627  1886                     106.7705568  182.68962  71.1%  88.5 1052s
  2629  1887  155.42824 1808 9949  106.77056  182.68897  71.1%  88.4 1059s
  2630  1888  174.74043  329 9844  106.77056  182.68393  71.1%  88.4 1064s
  2631  1888  161.02733 1232 9987  106.77056  182.68303  71.1%  88.4 1070s
  2633  1890  174.23641  374 9857  106.77056  182.68159  71.1%  88.3 1081s
  2634  1890  158.58912 1455 10388  106.77056  182.68078  71.1%  88.3 1085s
  2635  1891  158.20493 1439 10292  106.77056  182.67807  71.1%  88.2 1092s
  2636  1892  157.97330 1523 10215  106.77056  182.67700  71.1%  88.2 1096s
  2637  1892  170.90754  692 10280  106.77056  182.67590  71.1%  88.2 1103s
  2638  1893  178.92325   53 10402  106.77056  182.67362  71.1%  88.1 1107s
  2639  1894  174.68634  300 10367  106.77056  182.67200  71.1%  88.1 1114s
  2640  1894  160.71097 1194 9972  106.77056  182.66941  71.1%  88.1 1118s
  2641  1895  156.74656 1675 10181  106.77056  182.66871  71.1%  88.0 1124s
  2642  1896  156.81724 1662 9837  106.77056  182.66660  71.1%  88.0 1128s
  2643  1896  172.12089  602 10194  106.77056  182.66567  71.1%  88.0 1135s
  2644  1897  175.69427  312 10063  106.77056  182.66365  71.1%  87.9 1140s
  2646  1898  163.90353 1027 10072  106.77056  182.66122  71.1%  87.9 1147s
  2647  1899  159.20010 1353 10073  106.77056  182.65908  71.1%  87.8 1150s
  2648  1900  165.82861  871 10035  106.77056  182.65829  71.1%  87.8 1167s
  2649  1900  172.12089  604 10161  106.77056  182.65773  71.1%  87.8 1170s
  2651  1902  156.92001 1652 9962  106.77056  182.65216  71.1%  87.7 1178s
  2652  1902  156.22045 1745 10538  106.77056  182.65031  71.1%  87.7 1181s
  2653  1903  165.17405  735 10674  106.77056  182.64949  71.1%  87.6 1185s
  2655  1904  173.68301  400 10494  106.77056  182.64827  71.1%  87.6 1192s
  2656  1905  165.65133  900 10365  106.77056  182.64825  71.1%  87.5 1195s
  2658  1906  173.52471  393 10296  106.77056  182.64816  71.1%  87.5 1200s
  2659  1907  157.91380 1533 7739  106.77056  182.64816  71.1%  87.4 1222s
H 2659  1810                     107.1478477  182.64816  70.5%  87.4 1229s
  2661  1813  182.34136   11 5992  107.14785  182.64811  70.5%   480 1253s
  2662  1814  182.02780   11 7486  107.14785  182.34128  70.2%   487 1260s
  2664  1815  181.66437   12 5711  107.14785  182.02778  69.9%   494 1266s
  2665  1816  129.03351   13 3597  107.14785  182.02778  69.9%   541 1283s
  2668  1818  174.98400   14 4786  107.14785  182.02778  69.9%   543 1285s
  2682  1823  174.77272   21 4816  107.14785  182.02778  69.9%   544 1290s
H 2686  1731                     107.6234380  182.02778  69.1%   545 1300s
  2686  1733  174.25760   23 4855  107.62344  182.02778  69.1%   545 1321s
  2687  1732 infeasible   24       107.62344  182.02778  69.1%   545 1332s
  2689  1729 infeasible   24       107.62344  182.02778  69.1%   545 1335s
  2691  1726 infeasible   23       107.62344  182.02778  69.1%   545 1340s
  2693  1726  181.58916   12 6550  107.62344  182.02601  69.1%   550 1366s
  2694  1726  181.39943   13 6535  107.62344  182.02601  69.1%   555 1371s
  2697  1728  143.60516   14 3729  107.62344  182.02601  69.1%   574 1388s
  2701  1729  174.98400   16 5132  107.62344  182.02601  69.1%   575 1390s
  2713  1733 infeasible   22       107.62344  182.02601  69.1%   575 1395s
  2724  1736  174.98400   28 5073  107.62344  182.02601  69.1%   578 1400s
  2739  1740 infeasible   35       107.62344  182.02601  69.1%   581 1405s
  2749  1743  174.98400   40 5201  107.62344  182.02601  69.1%   581 1410s
  2767  1741 infeasible   49       107.62344  182.02601  69.1%   581 1415s
  2782  1737  174.98400   57 5082  107.62344  182.02601  69.1%   581 1420s
  2794  1731  174.98400   12 4879  107.62344  181.48306  68.6%   586 1427s
  2800  1735  174.98400   15 4755  107.62344  181.48306  68.6%   587 1430s
  2812  1737 infeasible   21       107.62344  181.48306  68.6%   588 1435s
  2823  1740  174.98400   25 4554  107.62344  181.48306  68.6%   589 1440s
  2832  1744  174.78247   29 4524  107.62344  181.48306  68.6%   590 1445s
  2844  1742 infeasible   35       107.62344  181.48306  68.6%   591 1450s
  2846  1744  176.72618   14 4934  107.62344  181.03660  68.2%   599 1455s
  2852  1748  172.81595   17 4747  107.62344  181.03660  68.2%   601 1460s
  2856  1748  178.10651   19 4892  107.62344  181.03660  68.2%   600 1466s
  2865  1746 infeasible   23       107.62344  181.03660  68.2%   599 1470s
  2873  1750  173.85401   27 4629  107.62344  181.03660  68.2%   598 1475s
  2878  1751  172.77319   30 4678  107.62344  181.03660  68.2%   597 1485s
  2885  1752  172.64142   33 4680  107.62344  181.03660  68.2%   596 1491s
  2889  1754  173.89940   35 4638  107.62344  181.03660  68.2%   596 1495s
  2895  1756  172.99223   38 4626  107.62344  181.03660  68.2%   595 1500s
  2899  1757  172.57810   40 4616  107.62344  181.03660  68.2%   595 1505s
  2903  1760  174.83510   42 4644  107.62344  181.03660  68.2%   594 1511s
  2911  1759  173.01843   46 4602  107.62344  181.03660  68.2%   593 1517s
  2915  1762  172.30239   48 4560  107.62344  181.03660  68.2%   593 1521s
  2921  1766  173.67615   51 4629  107.62344  181.03660  68.2%   592 1526s
  2923  1767  172.22911   52 4695  107.62344  181.03660  68.2%   592 1530s
  2929  1771  173.66865   55 4622  107.62344  181.03660  68.2%   591 1536s
  2933  1774  173.50186   57 4622  107.62344  181.03660  68.2%   590 1540s
  2938  1777  177.57376   60 4871  107.62344  181.03660  68.2%   590 1546s
  2943  1778  172.55520   62 4648  107.62344  181.03660  68.2%   589 1550s
  2953  1779 infeasible   67       107.62344  181.03660  68.2%   588 1555s
  2961  1782  173.49464   71 4644  107.62344  181.03660  68.2%   586 1560s
  2965  1785  175.85382   73 4654  107.62344  181.03660  68.2%   586 1565s
  2976  1786  177.36946   79 4814  107.62344  181.03660  68.2%   584 1570s
  2985  1788  173.49464   83 4651  107.62344  181.03660  68.2%   583 1577s
  2987  1790  173.54973   84 4644  107.62344  181.03660  68.2%   583 1580s
  2994  1790  177.31241   88 4797  107.62344  181.03660  68.2%   582 1585s
  3003  1792  171.51754   92 4646  107.62344  181.03660  68.2%   581 1592s
  3006  1794  177.26392   94 4790  107.62344  181.03660  68.2%   580 1595s
  3015  1796  172.73287   98 4532  107.62344  181.03660  68.2%   579 1600s
  3019  1799  171.90845  100 4543  107.62344  181.03660  68.2%   579 1607s
  3023  1800 infeasible  102       107.62344  181.03660  68.2%   578 1610s
  3032  1802  177.19857  107 4726  107.62344  181.03660  68.2%   577 1615s
  3041  1804  173.59445  111 4620  107.62344  181.03660  68.2%   575 1621s
  3047  1804  173.59445  114 4620  107.62344  181.03660  68.2%   574 1626s
  3053  1806  173.47385  117 4646  107.62344  181.03660  68.2%   574 1631s
  3062  1806  177.10702  122 4870  107.62344  181.03660  68.2%   572 1635s
  3071  1808  172.58380  126 4611  107.62344  181.03660  68.2%   571 1640s
  3075  1810  172.58380  128 4611  107.62344  181.03660  68.2%   571 1645s
  3087  1812  172.53759  134 4595  107.62344  181.03660  68.2%   570 1651s
  3093  1812 infeasible  137       107.62344  181.03660  68.2%   569 1655s
  3103  1813 infeasible  142       107.62344  181.03660  68.2%   568 1660s
  3110  1816  176.87715  146 4832  107.62344  181.03660  68.2%   567 1665s
  3115  1819  172.41298  148 4600  107.62344  181.03660  68.2%   567 1670s
  3128  1820  176.84367  155 4762  107.62344  181.03660  68.2%   565 1675s
  3131  1822  172.39267  156 4558  107.62344  181.03660  68.2%   565 1680s
  3139  1825  171.07070  160 4586  107.62344  181.03660  68.2%   564 1686s
  3146  1826  176.80345  164 4725  107.62344  181.03660  68.2%   563 1690s
  3155  1828  171.95951  168 4475  107.62344  181.03660  68.2%   562 1695s
  3169  1827  175.34905  175 4614  107.62344  181.03660  68.2%   560 1700s
  3174  1828  176.69404  178 4825  107.62344  181.03660  68.2%   560 1705s
  3181  1831  172.22911  181 4620  107.62344  181.03660  68.2%   559 1711s
  3185  1834  171.41504  183 4620  107.62344  181.03660  68.2%   559 1716s
  3189  1836  171.51484  185 4629  107.62344  181.03660  68.2%   559 1724s
  3191  1838  171.90841  186 4629  107.62344  181.03660  68.2%   559 1725s
  3195  1838  174.11393  188 4646  107.62344  181.03660  68.2%   558 1733s
  3199  1839  172.32600  190 4612  107.62344  181.03660  68.2%   558 1738s
  3202  1839  171.90682  192 4627  107.62344  181.03660  68.2%   558 1741s
  3207  1842  170.74965  194 4547  107.62344  181.03660  68.2%   557 1745s
  3209  1844  174.74004  195 4615  107.62344  181.03660  68.2%   557 1753s
  3215  1846  171.77481  198 4568  107.62344  181.03660  68.2%   556 1755s
  3221  1846  174.03814  201 4577  107.62344  181.03660  68.2%   556 1762s
  3227  1846  172.93312  204 4592  107.62344  181.03660  68.2%   555 1766s
  3231  1848  172.82142  206 4592  107.62344  181.03660  68.2%   555 1771s
  3235  1851  172.91831  208 4611  107.62344  181.03660  68.2%   554 1775s
  3242  1852  176.25261  212 4720  107.62344  181.03660  68.2%   553 1780s
  3251  1852  172.80661  216 4611  107.62344  181.03660  68.2%   552 1786s
  3257  1852  172.79490  219 4614  107.62344  181.03660  68.2%   552 1791s
  3261  1852  171.94515  221 4449  107.62344  181.03660  68.2%   551 1795s
  3265  1855  170.96429  223 4449  107.62344  181.03660  68.2%   551 1801s
  3272  1856  176.16304  227 4671  107.62344  181.03660  68.2%   550 1805s
  3276  1858  176.15437  229 4668  107.62344  181.03660  68.2%   550 1810s
  3281  1860  171.92465  231 4495  107.62344  181.03660  68.2%   550 1815s
  3287  1860 infeasible  234       107.62344  181.03660  68.2%   549 1820s
  3297  1858 infeasible  239       107.62344  181.03660  68.2%   548 1825s
  3311  1856  171.31694  246 4579  107.62344  181.03660  68.2%   546 1830s
  3319  1855  172.64031  250 4626  107.62344  181.03660  68.2%   545 1836s
  3325  1855 infeasible  253       107.62344  181.03660  68.2%   544 1840s
  3331  1857  173.96711  256 4522  107.62344  181.03660  68.2%   544 1847s
  3339  1856 infeasible  260       107.62344  181.03660  68.2%   543 1850s
  3345  1858  171.60531  263 4262  107.62344  181.03660  68.2%   543 1856s
  3349  1859  171.60531  265 4262  107.62344  181.03660  68.2%   543 1860s
  3357  1858  172.51480  269 4465  107.62344  181.03660  68.2%   542 1867s
  3363  1858  172.51480  272 4465  107.62344  181.03660  68.2%   541 1871s
  3369  1856 infeasible  275       107.62344  181.03660  68.2%   540 1875s
  3375  1856  171.19047  278 4342  107.62344  181.03660  68.2%   539 1880s
  3383  1858  171.13685  282 4265  107.62344  181.03660  68.2%   539 1885s
  3389  1860  172.49515  285 4476  107.62344  181.03660  68.2%   538 1892s
  3395  1860  172.49284  288 4480  107.62344  181.03660  68.2%   537 1896s
  3399  1860  171.51447  290 4254  107.62344  181.03660  68.2%   537 1901s
  3405  1862  171.39441  293 4293  107.62344  181.03660  68.2%   537 1906s
  3411  1864  172.48224  296 4449  107.62344  181.03660  68.2%   536 1911s
  3415  1867  172.59395  298 4454  107.62344  181.03660  68.2%   535 1917s
  3419  1868  171.72479  300 4454  107.62344  181.03660  68.2%   535 1920s
  3423  1870  171.08583  302 4269  107.62344  181.03660  68.2%   534 1925s
  3431  1872  172.82012  306 4280  107.62344  181.03660  68.2%   534 1932s
  3437  1870 infeasible  309       107.62344  181.03660  68.2%   533 1935s
  3445  1873  173.54745  313 4421  107.62344  181.03660  68.2%   532 1943s
  3449  1874  169.70557  315 4412  107.62344  181.03660  68.2%   532 1945s
  3453  1874  172.71841  317 4291  107.62344  181.03660  68.2%   532 1950s
  3467  1876  171.16787  324 4353  107.62344  181.03660  68.2%   530 1956s
  3473  1878  171.00108  327 4353  107.62344  181.03660  68.2%   530 1960s
  3480  1882  175.31763  331 4549  107.62344  181.03660  68.2%   529 1965s
  3487  1883  171.00108  334 4351  107.62344  181.03660  68.2%   528 1971s
  3494  1884  175.30369  338 4536  107.62344  181.03660  68.2%   527 1975s
  3500  1886  175.24045  341 4550  107.62344  181.03660  68.2%   527 1980s
  3504  1888  175.23513  343 4541  107.62344  181.03660  68.2%   527 1985s
  3511  1887 infeasible  346       107.62344  181.03660  68.2%   526 1992s
  3513  1888  171.08491  347 4288  107.62344  181.03660  68.2%   526 1995s
  3521  1888  169.57830  351 4387  107.62344  181.03660  68.2%   525 2001s
  3527  1892  170.91776  354 4307  107.62344  181.03660  68.2%   525 2006s
  3560  1912  175.09426  371 4480  107.62344  181.03660  68.2%   521 2010s
  3593  1933  173.73459  387 4298  107.62344  181.03660  68.2%   518 2015s
  3626  1955  174.95248  404 4358  107.62344  181.03660  68.2%   515 2020s
  3661  1968  169.68427  421 4051  107.62344  181.03660  68.2%   511 2025s
  3708  1999  170.29009  445 4284  107.62344  181.03660  68.2%   506 2030s
  3753  2027 infeasible  467       107.62344  181.03660  68.2%   502 2035s
  3780  2043  170.11955  481 4218  107.62344  181.03660  68.2%   500 2040s
  3821  2069  167.79654  501 3992  107.62344  181.03660  68.2%   496 2045s
  3861  2093  168.45974  521 4102  107.62344  181.03660  68.2%   492 2050s
  3903  2119  169.22202  542 3947  107.62344  181.03660  68.2%   488 2055s
  3941  2145  167.16265  561 3909  107.62344  181.03660  68.2%   485 2060s
  3968  2163  169.82041  575 4100  107.62344  181.03660  68.2%   483 2065s
  3991  2176  168.90575  586 3914  107.62344  181.03660  68.2%   481 2070s
  4010  2187  169.63480  596 4037  107.62344  181.03660  68.2%   479 2075s
  4049  2212  166.83729  615 3899  107.62344  181.03660  68.2%   475 2080s
  4080  2229  169.44746  631 3994  107.62344  181.03660  68.2%   472 2085s
  4116  2249  169.36337  649 3968  107.62344  181.03660  68.2%   469 2090s
  4157  2273  166.58415  669 3924  107.62344  181.03660  68.2%   466 2096s
  4181  2289  168.55651  681 3898  107.62344  181.03660  68.2%   464 2100s
  4219  2308  167.22834  700 3846  107.62344  181.03660  68.2%   461 2105s
  4262  2335  168.89144  722 3961  107.62344  181.03660  68.2%   457 2110s
  4292  2355  168.73427  737 3956  107.62344  181.03660  68.2%   455 2115s
  4342  2379  167.34555  762 3935  107.62344  181.03660  68.2%   450 2120s
  4383  2405  166.91388  782 3933  107.62344  181.03660  68.2%   446 2125s
  4441  2440  167.07451  811 3762  107.62344  181.03660  68.2%   442 2130s
  4465  2444 infeasible  823       107.62344  181.03660  68.2%   440 2135s
  4504  2468  167.23504  843 3733  107.62344  181.03660  68.2%   437 2140s
  4547  2495  164.19141  864 3558  107.62344  181.03660  68.2%   435 2145s
  4589  2521  165.35639  885 3733  107.62344  181.03660  68.2%   432 2150s
  4626  2543  166.74382  904 3813  107.62344  181.03660  68.2%   429 2155s
  4671  2572  165.31538  926 3799  107.62344  181.03660  68.2%   425 2160s
  4711  2599  162.84117  946 3703  107.62344  181.03660  68.2%   423 2165s
  4750  2621  160.99054  966 3677  107.62344  181.03660  68.2%   421 2170s
  4789  2643 infeasible  985       107.62344  181.03660  68.2%   419 2175s
  4832  2668  163.89536 1007 3860  107.62344  181.03660  68.2%   417 2180s
  4876  2695  163.56865 1029 3813  107.62344  181.03660  68.2%   415 2185s
  4915  2719  161.84458 1048 3730  107.62344  181.03660  68.2%   412 2190s
  4957  2747  161.95363 1069 3690  107.62344  181.03660  68.2%   410 2195s
  4999  2775  161.64079 1090 3732  107.62344  181.03660  68.2%   408 2200s
  5024  2790  161.36764 1103 3753  107.62344  181.03660  68.2%   407 2205s
  5075  2820  161.71706 1128 3616  107.62344  181.03660  68.2%   404 2210s
  5101  2835  159.52076 1141 3617  107.62344  181.03660  68.2%   404 2219s
  5102  2836  162.87040 1142 3717  107.62344  181.03660  68.2%   404 2220s
  5142  2862  162.80359 1162 3715  107.62344  181.03660  68.2%   402 2225s
  5183  2878  161.39162 1182 3647  107.62344  181.03660  68.2%   400 2230s
  5211  2894  156.69577 1196 3482  107.62344  181.03660  68.2%   399 2235s
  5259  2926  156.44358 1220 3506  107.62344  181.03660  68.2%   396 2240s
  5307  2957  156.82771 1244 3538  107.62344  181.03660  68.2%   394 2245s
  5345  2983  156.91094 1263 3405  107.62344  181.03660  68.2%   393 2251s
  5358  2991  157.78279 1270 3533  107.62344  181.03660  68.2%   393 2255s
  5400  3019  157.62092 1291 3496  107.62344  181.03660  68.2%   391 2260s
  5451  3050  156.11601 1316 3382  107.62344  181.03660  68.2%   389 2265s
  5497  3079  155.09302 1339 3317  107.62344  181.03660  68.2%   386 2270s
  5535  3100  155.30880 1358 3399  107.62344  181.03660  68.2%   385 2275s
  5588  3134  157.03139 1385 3524  107.62344  181.03660  68.2%   382 2280s
  5628  3158  156.90182 1405 3520  107.62344  181.03660  68.2%   380 2285s
  5682  3192  156.61319 1432 3444  107.62344  181.03660  68.2%   377 2290s
  5723  3217  155.80249 1452 3434  107.62344  181.03660  68.2%   375 2295s
  5778  3249  155.10702 1480 3450  107.62344  181.03660  68.2%   372 2300s
  5831  3283  155.59016 1506 3294  107.62344  181.03660  68.2%   370 2305s
  5885  3315  155.95122 1533 3420  107.62344  181.03660  68.2%   368 2310s
  5913  3333  153.19617 1547 3398  107.62344  181.03660  68.2%   366 2316s
  5961  3365  154.85977 1571 3405  107.62344  181.03660  68.2%   363 2320s
  5988  3381  155.49254 1585 3415  107.62344  181.03660  68.2%   362 2325s
  6022  3377 infeasible 1592       107.62344  181.03660  68.2%   360 2330s
  6071  3396  152.23823 1617 3467  107.62344  181.03660  68.2%   358 2335s
  6107  3414  152.11820 1635 3443  107.62344  181.03660  68.2%   356 2340s
  6155  3444  151.93614 1659 3457  107.62344  181.03660  68.2%   355 2345s
  6206  3470  150.66300 1684 3381  107.62344  181.03660  68.2%   353 2350s
  6238  3487  149.98257 1700 3385  107.62344  181.03660  68.2%   352 2355s
  6282  3512  149.93216 1722 3299  107.62344  181.03660  68.2%   351 2360s
  6317  3528  151.55723 1740 3453  107.62344  181.03660  68.2%   349 2365s
  6356  3554  148.82354 1759 3392  107.62344  181.03660  68.2%   349 2370s
  6402  3584  149.12344 1782 3359  107.62344  181.03660  68.2%   347 2375s
  6455  3618  151.14155 1809 3447  107.62344  181.03660  68.2%   346 2380s
  6485  3636  151.07845 1824 3427  107.62344  181.03660  68.2%   345 2385s
  6509  3646  150.08766 1836 3239  107.62344  181.03660  68.2%   345 2390s
  6551  3662  149.69904 1857 3231  107.62344  181.03660  68.2%   343 2395s
  6580  3679 infeasible 1871       107.62344  181.03660  68.2%   345 2400s
  6604  3693  146.10861 1883 3123  107.62344  181.03660  68.2%   346 2405s
  6648  3720  149.16309 1905 3169  107.62344  181.03660  68.2%   345 2410s
  6693  3748  149.49128 1928 3210  107.62344  181.03660  68.2%   344 2415s
  6734  3770  148.04290 1948 3103  107.62344  181.03660  68.2%   343 2420s
  6776  3794  148.64355 1969 3160  107.62344  181.03660  68.2%   342 2425s
  6821  3818  149.40506 1992 3187  107.62344  181.03660  68.2%   341 2430s
  6861  3832  148.35113 2012 3116  107.62344  181.03660  68.2%   340 2435s
  6886  3843  147.44582 2024 3004  107.62344  181.03660  68.2%   340 2440s
  6919  3861  147.69473 2041 2975  107.62344  181.03660  68.2%   339 2445s
  6971  3894  148.18499 2067 3018  107.62344  181.03660  68.2%   337 2450s
  7002  3914  147.26192 2082 2869  107.62344  181.03660  68.2%   336 2455s
  7048  3943  147.50200 2105 2891  107.62344  181.03660  68.2%   335 2460s
  7089  3966  147.90234 2126 2952  107.62344  181.03660  68.2%   334 2465s
  7138  3999  146.54613 2150 2860  107.62344  181.03660  68.2%   333 2470s
  7186  4029  146.38799 2174 2910  107.62344  181.03660  68.2%   332 2475s
H 7200  3946                     107.9733708  181.03660  67.7%   331 2481s
  7200  3948  147.41116 2181 2978  107.97337  181.03660  67.7%   331 2490s
  7208  3952  142.93502 2185 2841  107.97337  181.03660  67.7%   331 2495s
  7226  3952  146.04351 2194 2889  107.97337  181.03660  67.7%   331 2500s
  7278  3966  146.94593 2219 2959  107.97337  181.03660  67.7%   329 2505s
  7318  3989  146.83550 2239 2985  107.97337  181.03660  67.7%   328 2510s
  7354  4007  146.79257 2257 2984  107.97337  181.03660  67.7%   328 2515s
  7395  4034  145.02847 2277 2837  107.97337  181.03660  67.7%   327 2520s
  7428  4054  146.59985 2294 2824  107.97337  181.03660  67.7%   327 2525s
  7485  4088  144.39394 2322 2755  107.97337  181.03660  67.7%   325 2530s
  7535  4113  142.07854 2347 2751  107.97337  181.03660  67.7%   323 2535s
  7588  4157  145.98492 2374 2800  107.97337  181.03660  67.7%   321 2540s
  7615  4180  144.80708 2387 2693  107.97337  181.03660  67.7%   321 2545s
  7663  4224  145.53375 2411 2670  107.97337  181.03660  67.7%   319 2550s
  7701  4256  144.66685 2430 2682  107.97337  181.03660  67.7%   318 2555s
  7750  4303  145.63977 2455 2764  107.97337  181.03660  67.7%   316 2560s
  7784  4328  145.52155 2472 2752  107.97337  181.03660  67.7%   315 2565s
  7840  4378  145.39552 2500 2680  107.97337  181.03660  67.7%   313 2570s
  7873  4386  142.88141 2507 2653  107.97337  181.03660  67.7%   312 2575s
  7910  4421  145.16641 2526 2749  107.97337  181.03660  67.7%   311 2580s
  7951  4455  144.81246 2546 2683  107.97337  181.03660  67.7%   310 2585s
  7985  4483  144.72796 2563 2689  107.97337  181.03660  67.7%   309 2590s
  8026  4514  144.80648 2584 2731  107.97337  181.03660  67.7%   308 2595s
  8069  4550  140.93235 2605 2656  107.97337  181.03660  67.7%   306 2600s
  8105  4562  144.39588 2616 2699  107.97337  181.03660  67.7%   305 2605s
  8139  4589  142.80311 2633 2664  107.97337  181.03660  67.7%   304 2610s
  8170  4618  143.47122 2649 2694  107.97337  181.03660  67.7%   303 2615s
  8201  4646  140.92455 2664 2671  107.97337  181.03660  67.7%   302 2620s
  8261  4683  140.71181 2694 2585  107.97337  181.03660  67.7%   300 2625s
  8301  4716  140.64995 2714 2583  107.97337  181.03660  67.7%   299 2630s
  8361  4769  140.39268 2744 2566  107.97337  181.03660  67.7%   297 2635s
  8400  4805  141.06748 2764 2606  107.97337  181.03660  67.7%   296 2641s
  8416  4815  140.23910 2772 2582  107.97337  181.03660  67.7%   296 2646s
  8454  4848  139.70699 2791 2571  107.97337  181.03660  67.7%   295 2650s
  8492  4882  139.66017 2810 2542  107.97337  181.03660  67.7%   295 2655s
  8535  4925  137.59920 2831 2410  107.97337  181.03660  67.7%   294 2660s
  8572  4958  139.48762 2850 2432  107.97337  181.03660  67.7%   294 2665s
  8618  5004  139.32247 2873 2497  107.97337  181.03660  67.7%   293 2670s
  8672  5052  139.24061 2900 2423  107.97337  181.03660  67.7%   292 2675s
  8718  5094  139.20773 2923 2329  107.97337  181.03660  67.7%   292 2680s
  8756  5131  139.09700 2942 2470  107.97337  181.03660  67.7%   291 2685s
  8807  5176  134.98800 2967 2387  107.97337  181.03660  67.7%   290 2690s
  8856  5213  138.87115 2992 2457  107.97337  181.03660  67.7%   288 2695s
  8898  5247  138.82781 3013 2393  107.97337  181.03660  67.7%   287 2700s
  8951  5296  137.95135 3039 2270  107.97337  181.03660  67.7%   286 2705s
  8980  5323  138.76069 3054 2361  107.97337  181.03660  67.7%   286 2710s
  9022  5357  138.51562 3075 2228  107.97337  181.03660  67.7%   285 2715s
  9074  5399  138.15277 3101 2276  107.97337  181.03660  67.7%   284 2720s
  9116  5431 infeasible 3122       107.97337  181.03660  67.7%   283 2726s
  9156  5463  137.97148 3142 2241  107.97337  181.03660  67.7%   282 2730s
  9200  5503  137.80577 3164 2287  107.97337  181.03660  67.7%   281 2735s
  9263  5559  136.35059 3195 2205  107.97337  181.03660  67.7%   280 2740s
  9310  5606  137.64035 3219 2301  107.97337  181.03660  67.7%   280 2745s
  9353  5643  134.19386 3240 2137  107.97337  181.03660  67.7%   279 2750s
  9400  5681  133.26707 3264 2220  107.97337  181.03660  67.7%   279 2755s
  9428  5695  133.01408 3278 2186  107.97337  181.03660  67.7%   279 2760s
  9484  5737  132.78909 3306 2191  107.97337  181.03660  67.7%   277 2765s
  9535  5782 infeasible 3331       107.97337  181.03660  67.7%   276 2770s
  9580  5821  132.55175 3354 2183  107.97337  181.03660  67.7%   276 2775s
  9639  5870  130.92310 3383 2073  107.97337  181.03660  67.7%   274 2780s
  9692  5922  132.21446 3410 2186  107.97337  181.03660  67.7%   274 2785s
  9728  5954  132.14958 3428 2170  107.97337  181.03660  67.7%   273 2790s
  9753  5977  128.78856 3440 2134  107.97337  181.03660  67.7%   272 2796s
  9793  6006  128.11826 3460 2134  107.97337  181.03660  67.7%   271 2800s
  9823  6034 infeasible 3475       107.97337  181.03660  67.7%   271 2805s
  9848  6052  130.27137 3488 2057  107.97337  181.03660  67.7%   270 2811s
  9890  6090  131.90021 3509 2147  107.97337  181.03660  67.7%   269 2815s
  9953  6131  127.73150 3534 2065  107.97337  181.03660  67.7%   268 2820s
  9998  6170  128.37912 3557 2113  107.97337  181.03660  67.7%   267 2825s
 10040  6206  128.33919 3578 2116  107.97337  181.03660  67.7%   267 2830s
 10080  6232  128.13609 3598 2096  107.97337  181.03660  67.7%   266 2835s
 10126  6266  123.89695 3621 2005  107.97337  181.03660  67.7%   266 2840s
 10171  6292  123.70011 3640 2019  107.97337  181.03660  67.7%   264 2845s
 10203  6319  151.16351 1610 55065  107.97337  181.03660  67.7%   264 3364s
 10205  6320  156.11601 1317 5141  107.97337  181.03660  67.7%   264 3400s
 10206  6321  123.61421 3635 7729  107.97337  181.03660  67.7%   264 3407s
 10207  6322  123.59352 3613 8345  107.97337  181.03660  67.7%   264 3417s
 10208  6322  131.41219 3352 9196  107.97337  181.03660  67.7%   264 3423s
 10209  6323  137.68412 3147 9218  107.97337  181.03660  67.7%   264 3458s
 10210  6324  130.61263 3409 9401  107.97337  181.03660  67.7%   264 3464s
 10211  6324  147.91002 1938 9309  107.97337  181.03660  67.7%   264 3498s
 10212  6325  157.64720 1251 9168  107.97337  181.03660  67.7%   264 3506s
 10213  6326  148.03594 1883 9300  107.97337  181.03660  67.7%   263 3537s
 10214  6326  126.46803 3592 9443  107.97337  181.03660  67.7%   263 3541s
 10215  6327  145.34313 2238 9368  107.97337  181.03660  67.7%   263 3572s
 10216  6328  126.35383 3570 9577  107.97337  181.03660  67.7%   263 3580s

Cutting planes:
  Gomory: 13
  Lift-and-project: 1
  Cover: 138
  Implied bound: 2123
  Projected implied bound: 22
  Clique: 119
  MIR: 215
  StrongCG: 472
  Flow cover: 2621
  GUB cover: 94
  Zero half: 717
  RLT: 288
  Relax-and-lift: 829
  BQP: 41
  PSD: 110

Explored 10216 nodes (3818637 simplex iterations) in 3601.54 seconds (7089.92 work units)
Thread count was 1 (of 32 available processors)

Solution count 10: 107.973 107.973 107.623 ... 104.95

Time limit reached
Best objective 1.079733707852e+02, best bound 1.810366035576e+02, gap 67.6678%

User-callback calls 847706, time in user-callback 46.70 sec
