
Gurobi 12.0.1 (win64) logging started Thu Nov 20 15:09:17 2025

Set parameter LogFile to value "data\dblrp\grb_log_ef_s2_ts0_f5_c10_r2.0_iss1_bt1_nsp1000_nse50_sd7.log"
Set parameter NodefileStart to value 0.5
Set parameter NodefileDir to value "node_files\s2_ts0"
Set parameter MIPGap to value 0.0001
Set parameter TimeLimit to value 10800
Set parameter Threads to value 1
Gurobi Optimizer version 12.0.1 build v12.0.1rc0 (win64 - Windows 11.0 (26100.2))

CPU model: Intel(R) Core(TM) i9-14900K, instruction set [SSE2|AVX|AVX2]
Thread count: 24 physical cores, 32 logical processors, using up to 1 threads

Non-default parameters:
TimeLimit  10800
NodefileStart  0.5
Threads  1

Optimize a model with 3452810 rows, 1153085 columns and 9543850 nonzeros
Model fingerprint: 0xdfe0c48e
Variable types: 0 continuous, 1153085 integer (1150205 binary)
Coefficient statistics:
  Matrix range     [1e+00, 1e+02]
  Objective range  [5e+00, 1e+01]
  Bounds range     [1e+00, 4e+01]
  RHS range        [1e+00, 7e+01]
Presolve removed 3440853 rows and 1138425 columns
Presolve time: 1.09s
Presolved: 11957 rows, 14660 columns, 77377 nonzeros
Variable types: 0 continuous, 14660 integer (13143 binary)
Found heuristic solution: objective -50.0000000
Found heuristic solution: objective -20.0000000
Performing another presolve...
Presolve removed 3458 rows and 1550 columns
Presolve time: 0.21s

Root relaxation: objective 1.857045e+02, 9949 iterations, 0.36 seconds (1.02 work units)

    Nodes    |    Current Node    |     Objective Bounds      |     Work
 Expl Unexpl |  Obj  Depth IntInf | Incumbent    BestBd   Gap | It/Node Time

     0     0  185.70449    0  297  -20.00000  185.70449  1029%     -    2s
     0     0  185.45140    0  359  -20.00000  185.45140  1027%     -    2s
     0     0  185.36122    0  353  -20.00000  185.36122  1027%     -    2s
H    0     0                      -0.8887552  185.36122      -     -    2s
H    0     0                      13.4233050  185.36122  1281%     -    2s
H    0     0                      23.4233050  185.36122   691%     -    2s
H    0     0                      70.9862260  185.36122   161%     -    2s
     0     0  184.94559    0  436   70.98623  184.94559   161%     -    3s
     0     0  184.93929    0  493   70.98623  184.93929   161%     -    3s
     0     0  184.93929    0  486   70.98623  184.93929   161%     -    3s
H    0     0                      74.5023767  184.93929   148%     -    3s
     0     0  184.81401    0  464   74.50238  184.81401   148%     -    3s
     0     0  184.73177    0  416   74.50238  184.73177   148%     -    3s
     0     0  184.73177    0  497   74.50238  184.73177   148%     -    3s
     0     0  184.73177    0  425   74.50238  184.73177   148%     -    3s
     0     0  184.73177    0  449   74.50238  184.73177   148%     -    3s
     0     0  184.53719    0  575   74.50238  184.53719   148%     -    3s
     0     0  184.53176    0  545   74.50238  184.53176   148%     -    3s
     0     0  184.53122    0  544   74.50238  184.53122   148%     -    3s
     0     0  184.53122    0  544   74.50238  184.53122   148%     -    3s
     0     0  184.09567    0  645   74.50238  184.09567   147%     -    4s
     0     0  184.09501    0  646   74.50238  184.09501   147%     -    4s
     0     0  184.09454    0  657   74.50238  184.09454   147%     -    4s
H    0     0                      81.1574699  184.09454   127%     -    4s
     0     0  184.08812    0  630   81.15747  184.08812   127%     -    4s
     0     0  184.08812    0  631   81.15747  184.08812   127%     -    4s
     0     0  184.08812    0  652   81.15747  184.08812   127%     -    4s
     0     0  184.03261    0  618   81.15747  184.03261   127%     -    4s
     0     0  184.03233    0  659   81.15747  184.03233   127%     -    4s
     0     0  184.03233    0  652   81.15747  184.03233   127%     -    4s
     0     0  184.00155    0  688   81.15747  184.00155   127%     -    4s
     0     0  184.00077    0  671   81.15747  184.00077   127%     -    4s
     0     0  184.00075    0  668   81.15747  184.00075   127%     -    4s
     0     0  183.97621    0  678   81.15747  183.97621   127%     -    4s
     0     0  183.96686    0  613   81.15747  183.96686   127%     -    4s
     0     0  183.96686    0  609   81.15747  183.96686   127%     -    4s
     0     0  183.96686    0  608   81.15747  183.96686   127%     -    4s
     0     0  183.96480    0  612   81.15747  183.96480   127%     -    4s
     0     0  183.96479    0  618   81.15747  183.96479   127%     -    4s
     0     0  183.95535    0  627   81.15747  183.95535   127%     -    4s
H    0     0                      82.8330277  183.95535   122%     -    4s
H    0     0                      85.4654914  183.95535   115%     -    4s
     0     0  183.95448    0  648   85.46549  183.95448   115%     -    5s
     0     0  183.95443    0  648   85.46549  183.95443   115%     -    5s
     0     0  183.93837    0  635   85.46549  183.93837   115%     -    5s
     0     0  183.93837    0  620   85.46549  183.93837   115%     -    5s
     0     0  183.93732    0  631   85.46549  183.93732   115%     -    5s
     0     0  183.93719    0  631   85.46549  183.93719   115%     -    5s
     0     0  183.91950    0  678   85.46549  183.91950   115%     -    5s
     0     0  183.91725    0  635   85.46549  183.91725   115%     -    5s
     0     0  183.91673    0  670   85.46549  183.91673   115%     -    5s
     0     0  183.91673    0  670   85.46549  183.91673   115%     -    5s
     0     0  183.90884    0  679   85.46549  183.90884   115%     -    5s
     0     0  183.90680    0  657   85.46549  183.90680   115%     -    5s
     0     0  183.90661    0  681   85.46549  183.90661   115%     -    5s
     0     0  183.89806    0  738   85.46549  183.89806   115%     -    5s
     0     0  183.89806    0  720   85.46549  183.89806   115%     -    5s
     0     0  183.89679    0  738   85.46549  183.89679   115%     -    5s
     0     0  183.89679    0  716   85.46549  183.89679   115%     -    5s
     0     0  183.88894    0  634   85.46549  183.88894   115%     -    5s
     0     0  183.88574    0  657   85.46549  183.88574   115%     -    5s
     0     0  183.88541    0  678   85.46549  183.88541   115%     -    5s
     0     0  183.88241    0  568   85.46549  183.88241   115%     -    5s
     0     0  183.88196    0  660   85.46549  183.88196   115%     -    6s
     0     0  183.88196    0  653   85.46549  183.88196   115%     -    6s
     0     0  183.88185    0  646   85.46549  183.88185   115%     -    6s
     0     0  183.87166    0  682   85.46549  183.87166   115%     -    6s
     0     0  183.86830    0  704   85.46549  183.86830   115%     -    6s
     0     0  183.86715    0  700   85.46549  183.86715   115%     -    6s
     0     0  183.86715    0  713   85.46549  183.86715   115%     -    6s
     0     0  183.86715    0  702   85.46549  183.86715   115%     -    6s
     0     0  183.85978    0  729   85.46549  183.85978   115%     -    6s
     0     0  183.85950    0  694   85.46549  183.85950   115%     -    6s
     0     0  183.85943    0  721   85.46549  183.85943   115%     -    6s
     0     0  183.85943    0  709   85.46549  183.85943   115%     -    6s
     0     0  183.85733    0  711   85.46549  183.85733   115%     -    6s
     0     0  183.85733    0  612   85.46549  183.85733   115%     -    6s
     0     2  183.85704    0  565   85.46549  183.85704   115%     -    7s
H   27    21                      95.5822336  183.85704  92.4%   394    8s
   102    84  174.98400    3  549   95.58223  183.85704  92.4%   173   10s
H  174   154                     100.8312259  183.85704  82.3%   131   11s
   538   495  166.53785  208 3462  100.83123  183.85704  82.3%  71.2   18s
   543   498  177.28835   46  751  100.83123  183.83738  82.3%  70.5   20s
   573   518  166.53785  208  878  100.83123  183.51573  82.0%  66.8   25s
   598   537  177.28835   51  845  100.83123  183.49995  82.0%   136   30s
   634   561  170.30715  163  883  100.83123  183.38641  81.9%   128   35s
   661   580  180.90993   45  746  100.83123  183.31978  81.8%   192   40s
   691   600  165.08005  239  737  100.83123  183.26907  81.8%   183   45s
   716   619  149.73581  313  918  100.83123  183.26396  81.8%   241   50s
   747   639  172.30881  152  656  100.83123  183.20810  81.7%   231   55s
   770   656  183.16027   12  933  100.83123  183.16027  81.7%   278   60s
   798   676  177.28835   51  273  100.83123  183.15057  81.6%   326   65s
   824   694  179.98400   83  844  100.83123  183.12462  81.6%   316   70s
   842   707  181.98400   25  697  100.83123  183.12462  81.6%   364   75s
   869   725  180.46019   42  731  100.83123  183.08169  81.6%   352   80s
   892   742  180.88564   69  762  100.83123  183.07651  81.6%   413   85s
   919   760  159.70433  330  931  100.83123  183.06152  81.6%   401   90s
   941   776  181.32883   95  564  100.83123  183.01291  81.5%   445   95s
   979   800  181.43846  114  420  100.83123  182.82783  81.3%   458  100s
  1010   814  182.65180  130  700  100.83123  182.73381  81.2%   468  105s
  1057   840  179.98400  153  301  100.83123  182.73381  81.2%   471  110s
  1088   856  182.15153  169  685  100.83123  182.73381  81.2%   472  116s
  1127   876  178.94966  188  479  100.83123  182.73381  81.2%   474  120s
  1179   897  179.77632  214  572  100.83123  182.73381  81.2%   473  125s
  1233   911 infeasible  241       100.83123  182.73381  81.2%   472  130s
  1290   930  181.46524  270  575  100.83123  182.73381  81.2%   470  135s
  1346   943  181.32870  298  622  100.83123  182.73381  81.2%   468  140s
  1399   960  178.23489  324  457  100.83123  182.73381  81.2%   467  145s
  1453   976  170.35468  351  349  100.83123  182.73381  81.2%   464  150s
  1529   993 infeasible  389       100.83123  182.73381  81.2%   458  155s
  1562   995  180.20789  406  623  100.83123  182.73381  81.2%   457  160s
  1623   998  172.92444  436  484  100.83123  182.73381  81.2%   456  165s
  1703   994 infeasible  476       100.83123  182.73381  81.2%   450  170s
  1784   985  178.25606  517  369  100.83123  182.73381  81.2%   444  175s
  1867   973  165.51364  559  287  100.83123  182.73381  81.2%   439  180s
  1972   952  161.44318  612  294  100.83123  182.73381  81.2%   427  185s
  2060   930  174.98400  105  292  100.83123  182.56979  81.1%   417  190s
  2115   933  174.98400  134  231  100.83123  182.43396  80.9%   414  195s
  2194   930  168.61863  118  297  100.83123  182.33528  80.8%   408  200s
  2355   975  174.98400  116  276  100.83123  182.32296  80.8%   388  205s
  2449   975  157.72966  163  259  100.83123  182.32296  80.8%   382  211s
  2585   953  101.20407  231  124  100.83123  182.32296  80.8%   364  215s
  2658   953 infeasible   95       100.83123  182.21713  80.7%   365  220s
  2746   955  178.94925  113  340  100.83123  182.07068  80.6%   365  225s
  2896   996  181.96579  137  629  100.83123  182.06400  80.6%   350  230s
  3004  1005  181.90736  112  478  100.83123  181.90736  80.4%   346  235s
  3106  1031  174.98400  135  324  100.83123  181.84285  80.3%   343  240s
  3189  1029  179.98400  123  328  100.83123  181.58113  80.1%   343  245s
  3282  1074  180.02631  123  541  100.83123  181.50378  80.0%   342  250s
  3354  1107  174.98400  114  280  100.83123  181.44107  79.9%   342  255s
  3416  1110  173.90975  153  422  100.83123  181.41583  79.9%   345  260s
  3499  1135  179.98400  156  365  100.83123  181.34741  79.9%   346  265s
  3588  1184  179.76853   96  428  100.83123  181.32883  79.8%   344  270s
  3648  1195  179.09317  138  322  100.83123  181.29081  79.8%   345  275s
  3734  1224  174.98400  180  246  100.83123  181.24905  79.8%   345  280s
  3812  1241  178.88231  104  339  100.83123  181.18255  79.7%   345  285s
  3888  1266  174.98400  181  322  100.83123  181.14793  79.7%   345  290s
  3961  1287 infeasible  147       100.83123  181.11953  79.6%   346  295s
  4039  1304 infeasible  248       100.83123  181.10645  79.6%   347  300s
  4108  1331  174.98400   99  212  100.83123  181.08791  79.6%   349  305s
  4237  1459  109.64064  228  155  100.83123  181.08791  79.6%   340  310s
  4429  1651  109.64064  420   49  100.83123  181.08791  79.6%   330  315s
  4598  1791  109.64064  564   44  100.83123  181.08791  79.6%   324  320s
  4759  1906  164.98400  147  223  100.83123  181.06747  79.6%   320  325s
  4900  2006  119.64064  170  121  100.83123  181.05543  79.6%   315  330s
  5002  2061  174.98400  132  226  100.83123  181.03631  79.5%   313  335s
  5101  2143 infeasible  226       100.83123  181.03273  79.5%   311  340s
  5187  2168 infeasible  119       100.83123  181.02025  79.5%   311  345s
  5259  2175  178.92184  162  424  100.83123  181.01103  79.5%   313  350s
  5393  2284  157.57498  171  137  100.83123  181.00003  79.5%   309  355s
  5646  2514 infeasible  152       100.83123  180.99574  79.5%   299  360s
  5750  2563  147.34725  130  254  100.83123  180.98400  79.5%   298  365s
  5864  2622  180.56091  133  712  100.83123  180.96278  79.5%   297  370s
  5994  2683  174.98400  260  352  100.83123  180.92823  79.4%   295  375s
  6128  2721 infeasible  114       100.83123  180.92349  79.4%   294  380s
  6226  2763 infeasible  105       100.83123  180.91333  79.4%   295  385s
  6285  2781  164.98400  145  256  100.83123  180.86938  79.4%   297  390s
  6399  2814  179.64456  104  315  100.83123  180.86322  79.4%   296  395s
  6448  2825  174.98400  112  242  100.83123  180.84998  79.4%   296  402s
  6488  2842  179.66804  110  406  100.83123  180.83014  79.3%   296  405s
  6565  2880  174.98400  220  241  100.83123  180.81507  79.3%   297  410s
  6632  2902  176.43088  177  183  100.83123  180.76426  79.3%   298  415s
  6716  2929  168.21359  154  185  100.83123  180.75343  79.3%   298  420s
  6808  2971  174.98400  247  344  100.83123  180.71380  79.2%   298  425s
  6972  3101  174.98400  253  254  100.83123  180.71146  79.2%   295  430s
  7244  3315  179.68533  133  391  100.83123  180.70391  79.2%   286  435s
  7410  3414 infeasible  188       100.83123  180.68276  79.2%   284  440s
  7473  3432  161.44318  234  214  100.83123  180.66467  79.2%   285  445s
  7780  3649  174.98400  164  309  100.83123  180.64080  79.2%   278  450s
  7950  3787  106.60325  186   78  100.83123  180.63118  79.1%   275  455s
  8155  3942  174.98400  184  410  100.83123  180.61456  79.1%   272  460s
  8329  4060  130.55712  186  104  100.83123  180.59129  79.1%   270  465s
  8470  4125  180.31255  119  617  100.83123  180.49931  79.0%   270  470s
  8559  4149  180.24731  308  521  100.83123  180.42086  78.9%   272  475s
  8656  4185  179.22224  120  391  100.83123  180.38282  78.9%   272  480s
  8838  4301  174.82652  234  289  100.83123  180.36724  78.9%   270  485s
  8962  4361  174.98400  230  245  100.83123  180.33888  78.9%   269  490s
  9104  4428  178.91083  120  404  100.83123  180.30539  78.8%   269  495s
  9178  4435  174.98400  133  206  100.83123  180.28335  78.8%   271  500s
  9371  4560  174.98400  251  227  100.83123  180.26199  78.8%   268  505s
  9770  4900 infeasible  293       100.83123  180.24460  78.8%   260  510s
 10048  5144 infeasible  116       100.83123  180.22498  78.7%   255  515s
 10203  5252  118.45005  371 3384  100.83123  180.19599  78.7%   254  552s
 10209  5256  164.98400  154  855  100.83123  180.19599  78.7%   254  555s
 10217  5261  156.48350  265  977  100.83123  180.19599  78.7%   253  561s
 10225  5267  109.64064  632 1021  100.83123  180.19599  78.7%   253  566s
 10232  5271  174.98400  132 1019  100.83123  180.19599  78.7%   253  570s
 10239  5276  178.65095  365  951  100.83123  180.19599  78.7%   253  575s
 10247  5281  109.64064  369  960  100.83123  180.19599  78.7%   253  580s
 10255  5287  174.98400  167  998  100.83123  180.19599  78.7%   252  585s
 10262  5291  161.44318  157  973  100.83123  180.19599  78.7%   252  590s
 10271  5297  129.69581  459 1004  100.83123  180.19599  78.7%   252  595s
 10278  5302  140.16442  146  966  100.83123  180.19599  78.7%   252  600s
 10287  5308  174.98400  101 1048  100.83123  180.19599  78.7%   252  605s
 10293  5312  159.32464  149 1036  100.83123  180.19599  78.7%   252  610s
 10301  5317  132.06905  457  966  100.83123  180.19599  78.7%   251  615s
 10307  5321  174.98400  120 1005  100.83123  180.19599  78.7%   251  620s
 10315  5327  174.98400  144  978  100.83123  180.19599  78.7%   251  625s
 10323  5332  174.98400  113  963  100.83123  180.19599  78.7%   251  630s
 10331  5337  147.34725  156  967  100.83123  180.19599  78.7%   251  635s
 10339  5343  178.65095  365 1045  100.83123  180.19599  78.7%   250  641s
 10347  5348  109.64064  369 1037  100.83123  180.19599  78.7%   250  645s
 10354  5353  174.98400  183 1033  100.83123  180.19599  78.7%   250  650s
 10362  5358  161.44318  157 1042  100.83123  180.19599  78.7%   250  655s
 10369  5363  143.85887  418  967  100.83123  180.19599  78.7%   250  660s
 10377  5368  177.68310  173 1053  100.83123  180.19599  78.7%   250  665s
 10384  5373  174.98400  144 1076  100.83123  180.19599  78.7%   249  670s
 10391  5377  111.20407  351 1076  100.83123  180.19599  78.7%   249  675s
 10399  5383  174.98400  240  980  100.83123  180.19599  78.7%   249  680s
 10406  5389  180.19599  100  798  100.83123  180.19599  78.7%   258  685s
 10431  5404  174.98400  112  382  100.83123  180.19599  78.7%   259  690s
 10465  5415 infeasible  129       100.83123  180.19599  78.7%   259  695s
 10476  5412 infeasible  132       100.83123  180.19599  78.7%   259  700s
 10514  5423  171.65067  150  257  100.83123  180.19599  78.7%   260  705s
 10642  5432  112.87962  216  118  100.83123  180.19599  78.7%   258  710s
 10730  5424  178.31734  107  247  100.83123  180.19599  78.7%   258  715s
 10794  5418  180.19599  108  639  100.83123  180.19599  78.7%   260  720s
 10834  5422  174.98400  112  303  100.83123  180.19599  78.7%   261  725s
 10896  5417  180.19599  103  503  100.83123  180.19599  78.7%   262  730s
 10965  5443  168.83766  109  404  100.83123  180.19599  78.7%   262  735s
 11023  5453 infeasible  124       100.83123  180.19599  78.7%   263  740s
 11089  5461  180.19599  113  689  100.83123  180.19599  78.7%   263  745s
 11143  5464  174.98400  111  260  100.83123  180.19599  78.7%   263  750s
 11202  5454 infeasible  107       100.83123  180.19599  78.7%   265  755s
 11272  5477  163.08730  114  520  100.83123  180.19599  78.7%   265  761s
 11326  5475 infeasible  109       100.83123  180.19599  78.7%   265  765s
 11401  5489  164.98400  129  165  100.83123  180.19599  78.7%   266  770s
 11460  5489  174.98400  123  282  100.83123  180.19599  78.7%   266  775s
 11498  5485  179.71513  102  563  100.83123  180.17915  78.7%   267  781s
 11554  5485  138.51111  105  206  100.83123  180.06436  78.6%   267  785s
 11626  5480 infeasible  111       100.83123  179.80968  78.3%   267  790s
 11697  5459  123.58667  108  125  100.83123  179.01913  77.5%   268  796s
 11746  5455  163.11480  114  444  100.83123  177.48908  76.0%   268  800s
 11841  5479  171.35847  165  288  100.83123  174.98400  73.5%   268  805s
 11968  5559  162.85528  292  230  100.83123  174.98400  73.5%   265  810s
 12147  5658  109.45555  471  129  100.83123  174.98400  73.5%   262  815s
 12296  5753  109.45555  619   67  100.83123  174.98400  73.5%   259  820s
 12379  5762  164.98400  125  242  100.83123  174.98400  73.5%   259  825s
 12469  5750  174.98400  109  240  100.83123  174.98400  73.5%   260  830s
 12552  5721  164.98400  118  294  100.83123  174.98400  73.5%   260  835s
 12614  5716  174.98400  114  302  100.83123  174.98400  73.5%   260  840s
 12701  5748 infeasible  130       100.83123  174.98400  73.5%   260  845s
 12785  5712  174.98400  112  221  100.83123  174.98400  73.5%   261  850s
 12861  5710  174.98400  134  239  100.83123  174.98400  73.5%   261  855s
 12944  5687  174.39533  112  318  100.83123  174.98400  73.5%   262  860s
 13036  5683 infeasible  114       100.83123  174.98400  73.5%   262  865s
 13114  5667  172.57236  115  413  100.83123  174.98400  73.5%   263  870s
 13184  5704  174.98400  152  327  100.83123  174.98400  73.5%   262  875s
 13295  5775  164.98400  262  254  100.83123  174.98400  73.5%   261  880s
 13441  5873  115.30000  408  155  100.83123  174.98400  73.5%   259  885s
 13596  5919 infeasible  127       100.83123  174.98400  73.5%   257  890s
 13683  5880  174.98400  108  184  100.83123  174.98400  73.5%   258  895s
 13780  5868  164.98400  127  211  100.83123  174.98400  73.5%   258  900s
 13861  5878  174.98400  157  230  100.83123  174.98400  73.5%   258  905s
 14115  6037  126.72620  410  104  100.83123  174.98400  73.5%   255  910s
 14260  6091  164.98400  133  323  100.83123  174.98400  73.5%   253  915s
 14400  6120  164.98400  183  214  100.83123  174.98400  73.5%   252  920s
 14571  6138 infeasible  145       100.83123  174.98400  73.5%   251  925s
 14775  6261  153.53133  323  268  100.83123  174.98400  73.5%   248  930s
 14929  6319 infeasible  164       100.83123  174.98400  73.5%   247  935s
 15052  6342  174.98400  152  174  100.83123  174.98400  73.5%   246  940s
 15231  6426  132.47211  288  200  100.83123  174.98400  73.5%   245  945s
 15345  6466  174.98400  136  279  100.83123  174.98400  73.5%   243  950s
 15484  6528  158.91363  159  343  100.83123  174.98400  73.5%   243  955s
 15745  6667  174.98400  179  222  100.83123  174.98400  73.5%   240  960s
 15958  6743  141.85928  324  149  100.83123  174.98400  73.5%   238  965s
 16099  6780  135.35762  220  159  100.83123  174.98400  73.5%   237  970s
 16267  6840  108.16615  273   61  100.83123  174.98400  73.5%   236  975s
 16411  6832 infeasible  209       100.83123  174.98400  73.5%   236  980s
 16590  6945  153.34491  382  205  100.83123  174.98400  73.5%   234  985s
 16819  7032  109.64064  235  102  100.83123  174.98400  73.5%   233  990s
 17040  7091  170.75987  122  300  100.83123  174.98400  73.5%   231  995s
 17217  7193  114.88963  281  115  100.83123  174.98400  73.5%   230 1000s
 17520  7362  109.64064  383   31  100.83123  174.98400  73.5%   227 1005s
 17667  7386  174.98400  113  281  100.83123  174.98400  73.5%   227 1010s
 17783  7408  168.87308  132  196  100.83123  174.98400  73.5%   227 1015s
 17933  7459  174.98400  277  212  100.83123  174.98400  73.5%   226 1020s
 18068  7513  158.95367  389  201  100.83123  174.98400  73.5%   225 1025s
 18282  7546  174.98400  203  191  100.83123  174.98400  73.5%   223 1030s
 18455  7629 infeasible  198       100.83123  174.98400  73.5%   222 1035s
 18577  7584 infeasible  132       100.83123  174.98400  73.5%   223 1040s
 18707  7619 infeasible  142       100.83123  174.98400  73.5%   222 1045s
 18823  7608  174.98400  131  263  100.83123  174.98400  73.5%   223 1050s
 18937  7590  174.98400  136  292  100.83123  174.98400  73.5%   223 1055s
 19045  7572  174.98400  128  259  100.83123  174.98400  73.5%   224 1060s
 19215  7647  174.98400  142  214  100.83123  174.98400  73.5%   223 1065s
 19453  7804  123.69904  379  124  100.83123  174.98400  73.5%   222 1070s
 19608  7823 infeasible  148       100.83123  174.98400  73.5%   222 1075s
 19712  7793 infeasible  140       100.83123  174.98400  73.5%   223 1080s
 19889  7874  174.98400  213  176  100.83123  174.98400  73.5%   222 1085s
 20095  7891 infeasible  152       100.83123  174.98400  73.5%   222 1090s
 20224  7911  164.15067  196  252  100.83123  174.98400  73.5%   222 1095s
 20416  7995  174.98400  142  289  100.83123  174.98400  73.5%   221 1100s
 20651  7988  101.20407  188   89  100.83123  174.98400  73.5%   220 1105s
 20849  8019  156.64116  222  123  100.83123  174.98400  73.5%   220 1110s
 21020  8059  172.11958  168  202  100.83123  174.98400  73.5%   219 1115s
 21506  8303  164.98400  141  229  100.83123  174.98400  73.5%   216 1120s
 21658  8346  164.98400  169  116  100.83123  174.98400  73.5%   216 1125s
 21809  8356  108.16615  185  119  100.83123  174.98400  73.5%   216 1130s
 21963  8333  174.98400  144  121  100.83123  174.98400  73.5%   216 1135s
 22104  8389  174.98400  147   93  100.83123  174.98400  73.5%   216 1140s
 22209  8344  174.98400  148  224  100.83123  174.98400  73.5%   216 1145s
 22326  8334  174.83016  168  238  100.83123  174.98400  73.5%   217 1150s
 22390  8311  174.98400  165  196  100.83123  174.98400  73.5%   217 1155s
 22478  8312 infeasible  147       100.83123  174.98400  73.5%   218 1160s
 22547  8283 infeasible  171       100.83123  174.98400  73.5%   219 1165s
 22655  8291  164.98400  149  204  100.83123  174.98400  73.5%   219 1170s
 22767  8263  164.98400  154  200  100.83123  174.98400  73.5%   219 1175s
 22835  8296  164.98400  152  267  100.83123  174.98400  73.5%   219 1180s
 22955  8320  154.93045  197  172  100.83123  174.98400  73.5%   219 1185s
 23114  8394  164.98400  272   71  100.83123  174.98400  73.5%   219 1190s
 23311  8499  164.98400  207  197  100.83123  174.98400  73.5%   218 1195s
 23478  8544  172.68959  157  312  100.83123  174.98400  73.5%   218 1200s
 23583  8533  164.98400  201  169  100.83123  174.98400  73.5%   218 1205s
 23890  8689  172.12686  175  203  100.83123  174.98400  73.5%   217 1210s
 24044  8707  174.98400  156  213  100.83123  174.98400  73.5%   216 1215s
 24347  8874  161.93407  358  156  100.83123  174.98400  73.5%   215 1220s
 24485  8881  164.98400  272  287  100.83123  174.98400  73.5%   215 1225s
 24647  8906  164.95007  306  162  100.83123  174.98400  73.5%   215 1230s
 24843  8967  164.98400  269  196  100.83123  174.98400  73.5%   214 1235s
 24960  8956  154.98400  252  200  100.83123  174.98400  73.5%   215 1240s
 25142  8975  174.98400  186  189  100.83123  174.98400  73.5%   215 1245s
 25312  9006  174.98400  185  160  100.83123  174.98400  73.5%   215 1250s
 25450  8990  164.98400  178  175  100.83123  174.98400  73.5%   215 1255s
 25550  8931 infeasible  171       100.83123  174.98400  73.5%   215 1260s
 25673  8909  174.37794  185  281  100.83123  174.98400  73.5%   216 1265s
 25796  8853  164.98400  313  207  100.83123  174.98400  73.5%   216 1270s
 26151  9013  169.98400  287  256  100.83123  174.98400  73.5%   214 1275s
 26320  9058  164.98400  291  227  100.83123  174.98400  73.5%   214 1280s
 26448  9042  162.81346  268  253  100.83123  174.98400  73.5%   214 1285s
 26550  9014  164.98400  238  182  100.83123  174.98400  73.5%   215 1290s
 26685  9045 infeasible  175       100.83123  174.98400  73.5%   215 1295s
 26875  9150  137.22599  209  117  100.83123  174.98400  73.5%   215 1300s
 27047  9166  164.98400  164  207  100.83123  174.98400  73.5%   215 1305s
 27175  9213  164.98400  181  220  100.83123  174.98400  73.5%   215 1310s
 27388  9339 infeasible  183       100.83123  174.98400  73.5%   214 1315s
 27674  9451 infeasible  182       100.83123  174.98400  73.5%   214 1320s
 27827  9513  142.31664  175  259  100.83123  174.98400  73.5%   214 1325s
 27989  9562  174.98400  162  130  100.83123  174.98400  73.5%   214 1330s
 28313  9786  164.98400  208  126  100.83123  174.98400  73.5%   212 1335s
 28375  9795 infeasible  160       100.83123  174.98400  73.5%   212 1340s
 28546  9915  164.98400  217  146  100.83123  174.98400  73.5%   212 1345s
 28945 10284  101.75918  223   61  100.83123  174.98400  73.5%   210 1350s

Cutting planes:
  Gomory: 14
  Cover: 153
  Implied bound: 263
  Projected implied bound: 3
  Clique: 21
  MIR: 164
  StrongCG: 122
  Flow cover: 1465
  GUB cover: 80
  Zero half: 227
  Mod-K: 4
  RLT: 20
  Relax-and-lift: 86

Explored 29063 nodes (6141739 simplex iterations) in 1354.94 seconds (3343.56 work units)
Thread count was 1 (of 32 available processors)

Solution count 10: 100.831 100.831 100.831 ... 82.833

Solve interrupted
Best objective 1.008312258551e+02, best bound 1.749840040389e+02, gap 73.5415%

User-callback calls 474002, time in user-callback 1.20 sec

Gurobi 12.0.1 (win64) logging started Thu Nov 20 15:50:05 2025

Set parameter LogFile to value "data\dblrp\grb_log_ef_s2_ts0_f5_c10_r2.0_iss1_bt1_nsp1000_nse50_sd7.log"
Set parameter NodefileStart to value 0.5
Set parameter NodefileDir to value "node_files\s2_ts0"
Set parameter MIPGap to value 0.0001
Set parameter TimeLimit to value 60
Set parameter Threads to value 1
Gurobi Optimizer version 12.0.1 build v12.0.1rc0 (win64 - Windows 11.0 (26100.2))

CPU model: Intel(R) Core(TM) i9-14900K, instruction set [SSE2|AVX|AVX2]
Thread count: 24 physical cores, 32 logical processors, using up to 1 threads

Non-default parameters:
TimeLimit  60
NodefileStart  0.5
Threads  1

Optimize a model with 3452810 rows, 1153085 columns and 9543850 nonzeros
Model fingerprint: 0x582f11df
Variable types: 0 continuous, 1153085 integer (1150205 binary)
Coefficient statistics:
  Matrix range     [1e+00, 1e+02]
  Objective range  [5e+00, 1e+01]
  Bounds range     [1e+00, 4e+01]
  RHS range        [1e+00, 7e+01]
Presolve removed 3440434 rows and 1138006 columns
Presolve time: 1.03s
Presolved: 12376 rows, 15079 columns, 79682 nonzeros
Variable types: 0 continuous, 15079 integer (13528 binary)
Found heuristic solution: objective -50.0000000
Found heuristic solution: objective -20.0000000
Performing another presolve...
Presolve removed 3815 rows and 1620 columns
Presolve time: 0.20s

Root relaxation: objective 1.849673e+02, 7634 iterations, 0.26 seconds (0.69 work units)

    Nodes    |    Current Node    |     Objective Bounds      |     Work
 Expl Unexpl |  Obj  Depth IntInf | Incumbent    BestBd   Gap | It/Node Time

     0     0  184.96734    0  261  -20.00000  184.96734  1025%     -    2s
     0     0  184.93771    0  341  -20.00000  184.93771  1025%     -    2s
     0     0  184.68771    0  404  -20.00000  184.68771  1023%     -    2s
     0     0  184.68771    0  295  -20.00000  184.68771  1023%     -    2s
     0     0  184.68771    0  288  -20.00000  184.68771  1023%     -    2s
H    0     0                      -0.0000000  184.68771      -     -    2s
H    0     0                      28.1845602  184.68771   555%     -    2s
     0     0  184.10021    0  426   28.18456  184.10021   553%     -    2s
     0     0  184.10021    0  422   28.18456  184.10021   553%     -    2s
H    0     0                      38.0919989  184.10021   383%     -    3s
     0     0  184.09114    0  475   38.09200  184.09114   383%     -    3s
     0     0  184.04216    0  443   38.09200  184.04216   383%     -    3s
H    0     0                      52.8997624  184.04216   248%     -    3s
     0     0  183.91989    0  437   52.89976  183.91989   248%     -    3s
     0     0  183.91803    0  451   52.89976  183.91803   248%     -    3s
     0     0  183.91803    0  411   52.89976  183.91803   248%     -    3s
     0     0  183.91482    0  448   52.89976  183.91482   248%     -    3s
     0     0  183.91482    0  449   52.89976  183.91482   248%     -    3s
     0     0  183.81823    0  562   52.89976  183.81823   247%     -    3s
H    0     0                      63.9006795  183.81823   188%     -    3s
     0     0  183.81823    0  596   63.90068  183.81823   188%     -    3s
     0     0  183.75288    0  668   63.90068  183.75288   188%     -    3s
     0     0  183.75288    0  622   63.90068  183.75288   188%     -    3s
     0     0  183.75288    0  619   63.90068  183.75288   188%     -    3s
H    0     0                      72.8268330  183.75288   152%     -    3s
     0     0  183.75132    0  587   72.82683  183.75132   152%     -    4s
     0     0  183.75089    0  589   72.82683  183.75089   152%     -    4s
     0     0  183.53131    0  567   72.82683  183.53131   152%     -    4s
     0     0  183.52976    0  568   72.82683  183.52976   152%     -    4s
     0     0  183.34550    0  570   72.82683  183.34550   152%     -    4s
     0     0  183.34550    0  566   72.82683  183.34550   152%     -    4s
     0     0  183.34477    0  566   72.82683  183.34477   152%     -    4s
     0     0  183.34151    0  539   72.82683  183.34151   152%     -    4s
     0     0  183.34151    0  546   72.82683  183.34151   152%     -    4s
     0     0  183.34151    0  627   72.82683  183.34151   152%     -    4s
     0     0  183.34151    0  601   72.82683  183.34151   152%     -    4s
     0     0  183.34151    0  514   72.82683  183.34151   152%     -    4s
     0     0  183.34151    0  501   72.82683  183.34151   152%     -    4s
     0     2  183.33682    0  452   72.82683  183.33682   152%     -    5s
H   26    26                      77.7743681  183.33682   136%   386    6s
H   26    26                      83.8583368  183.33682   119%   386    6s
H   26    26                      84.2687080  183.33682   118%   386    6s
H   26    26                      88.5406982  183.33682   107%   386    6s
H   54    54                      91.1731619  183.33682   101%   262    6s
H  104   104                      93.3952544  183.33682  96.3%   198    7s
H  130   130                      96.2614009  183.33682  90.5%   174    8s
H  130   130                     102.1501640  183.33682  79.5%   174    8s
   246   248  183.02836  237  522  102.15016  183.33682  79.5%   134   10s
H  355   355                     105.6663147  183.33682  73.5%   158   13s
   410   412  181.87346  383  490  105.66631  183.33682  73.5%   160   15s
   810   812  181.06452  755  593  105.66631  183.33682  73.5%   125   20s
  1087  1089  179.21477 1027  563  105.66631  183.33682  73.5%   120   25s
  1489  1487  174.98400 1426  434  105.66631  183.33682  73.5%   114   30s
  1809  1803  172.98663 1740  364  105.66631  183.33682  73.5%   107   35s
  2397  2333  174.88350 1597 3542  105.66631  183.33682  73.5%  89.5   42s
  2403  2337  174.98400 1353  553  105.66631  182.84437  73.0%  89.3   45s
  2433  2357  174.61275 1708  700  105.66631  182.58355  72.8%  88.2   50s
  2462  2376  177.41644 1240  741  105.66631  182.53748  72.7%  87.1   55s

Cutting planes:
  Gomory: 5
  Cover: 32
  Implied bound: 46
  Projected implied bound: 2
  Clique: 18
  MIR: 13
  StrongCG: 64
  Flow cover: 338
  GUB cover: 21
  Zero half: 55
  RLT: 4
  Relax-and-lift: 35

Explored 2497 nodes (282031 simplex iterations) in 60.09 seconds (149.73 work units)
Thread count was 1 (of 32 available processors)

Solution count 10: 105.666 105.666 102.15 ... 84.2687

Time limit reached
Best objective 1.056663147469e+02, best bound 1.824758830972e+02, gap 72.6907%

User-callback calls 20111, time in user-callback 0.86 sec
